Instance,Terminal,Layer,X location,Y location,Voltage
FILLER_0_28_173,VPWR,li1,85.3300,89.7600,1.799999
FILLER_0_28_169,VPWR,li1,84.1800,89.7600,1.799999
FILLER_0_28_165,VPWR,li1,82.1100,89.7600,1.799999
FILLER_0_28_153,VPWR,li1,78.6600,89.7600,1.799999
FILLER_0_28_141,VPWR,li1,73.1400,89.7600,1.799999
FILLER_0_28_137,VPWR,li1,69.2300,89.7600,1.799998
FILLER_0_28_125,VPWR,li1,65.7800,89.7600,1.799998
FILLER_0_28_121,VPWR,li1,61.4100,89.7600,1.799997
FILLER_0_28_113,VPWR,li1,59.3400,89.7600,1.799997
FILLER_0_28_111,VPWR,li1,56.8100,89.7600,1.799997
FILLER_0_28_102,VPWR,li1,53.8200,89.7600,1.799996
FILLER_0_28_94,VPWR,li1,48.9900,89.7600,1.799995
FILLER_0_28_77,VPWR,li1,41.1700,89.7600,1.799995
FILLER_0_28_69,VPWR,li1,39.1000,89.7600,1.799996
FILLER_0_28_57,VPWR,li1,34.5000,89.7600,1.799997
FILLER_0_28_52,VPWR,li1,30.3600,89.7600,1.799997
FILLER_0_28_41,VPWR,li1,24.6100,89.7600,1.799997
FILLER_0_28_29,VPWR,li1,21.6200,89.7600,1.799997
FILLER_0_28_27,VPWR,li1,18.1700,89.7600,1.799998
FILLER_0_28_15,VPWR,li1,15.1800,89.7600,1.799998
FILLER_0_28_3,VPWR,li1,9.6600,89.7600,1.799998
FILLER_0_27_173,VPWR,li1,85.3300,84.3200,1.799995
FILLER_0_27_169,VPWR,li1,84.1800,84.3200,1.799995
FILLER_0_27_165,VPWR,li1,82.1100,84.3200,1.799995
FILLER_0_27_157,VPWR,li1,79.5800,84.3200,1.799995
FILLER_0_27_145,VPWR,li1,74.9800,84.3200,1.799994
FILLER_0_27_133,VPWR,li1,69.4600,84.3200,1.799992
FILLER_0_27_24,VPWR,li1,16.7900,84.3200,1.799993
FILLER_0_27_18,VPWR,li1,15.1800,84.3200,1.799993
FILLER_0_27_6,VPWR,li1,11.0400,84.3200,1.799992
FILLER_0_26_173,VPWR,li1,85.3300,84.3200,1.799995
FILLER_0_26_165,VPWR,li1,83.2600,84.3200,1.799995
FILLER_0_26_153,VPWR,li1,78.6600,84.3200,1.799995
FILLER_0_26_141,VPWR,li1,73.1400,84.3200,1.799993
FILLER_0_26_138,VPWR,li1,69.4600,84.3200,1.799992
FILLER_0_26_126,VPWR,li1,66.2400,84.3200,1.799990
FILLER_0_26_114,VPWR,li1,60.7200,84.3200,1.799988
FILLER_0_26_105,VPWR,li1,54.2800,84.3200,1.799986
FILLER_0_26_97,VPWR,li1,51.9800,84.3200,1.799984
FILLER_0_26_89,VPWR,li1,46.6900,84.3200,1.799982
FILLER_0_26_83,VPWR,li1,43.9300,84.3200,1.799983
FILLER_0_26_75,VPWR,li1,41.8600,84.3200,1.799983
FILLER_0_26_49,VPWR,li1,29.4400,84.3200,1.799986
FILLER_0_26_41,VPWR,li1,24.8400,84.3200,1.799987
FILLER_0_26_29,VPWR,li1,21.6200,84.3200,1.799989
FILLER_0_26_27,VPWR,li1,18.1700,84.3200,1.799991
FILLER_0_26_21,VPWR,li1,16.5600,84.3200,1.799993
FILLER_0_26_9,VPWR,li1,12.4200,84.3200,1.799992
FILLER_0_26_3,VPWR,li1,7.3600,84.3200,1.799992
FILLER_0_25_173,VPWR,li1,85.3300,78.8800,1.799997
FILLER_0_25_169,VPWR,li1,84.1800,78.8800,1.799997
FILLER_0_25_167,VPWR,li1,82.5700,78.8800,1.799997
FILLER_0_25_161,VPWR,li1,80.9600,78.8800,1.799997
FILLER_0_25_149,VPWR,li1,76.8200,78.8800,1.799997
FILLER_0_25_137,VPWR,li1,71.3000,78.8800,1.799995
FILLER_0_25_125,VPWR,li1,65.7800,78.8800,1.799995
FILLER_0_25_113,VPWR,li1,60.2600,78.8800,1.799995
FILLER_0_25_111,VPWR,li1,56.8100,78.8800,1.799996
FILLER_0_25_105,VPWR,li1,55.2000,78.8800,1.799996
FILLER_0_25_93,VPWR,li1,51.0600,78.8800,1.799995
FILLER_0_25_81,VPWR,li1,45.5400,78.8800,1.799994
FILLER_0_25_69,VPWR,li1,40.0200,78.8800,1.799993
FILLER_0_25_57,VPWR,li1,34.5000,78.8800,1.799992
FILLER_0_25_55,VPWR,li1,31.0500,78.8800,1.799990
FILLER_0_25_51,VPWR,li1,29.9000,78.8800,1.799990
FILLER_0_25_39,VPWR,li1,26.2200,78.8800,1.799988
FILLER_0_25_27,VPWR,li1,20.7000,78.8800,1.799987
FILLER_0_25_23,VPWR,li1,16.3300,78.8800,1.799988
FILLER_0_24_169,VPWR,li1,83.4900,78.8800,1.799997
FILLER_0_24_163,VPWR,li1,81.8800,78.8800,1.799997
FILLER_0_24_151,VPWR,li1,77.7400,78.8800,1.799997
FILLER_0_24_139,VPWR,li1,69.6900,78.8800,1.799995
FILLER_0_24_133,VPWR,li1,68.0800,78.8800,1.799995
FILLER_0_24_122,VPWR,li1,63.4800,78.8800,1.799995
FILLER_0_24_117,VPWR,li1,59.5700,78.8800,1.799995
FILLER_0_24_113,VPWR,li1,57.7300,78.8800,1.799995
FILLER_0_24_109,VPWR,li1,56.5800,78.8800,1.799996
FILLER_0_24_85,VPWR,li1,45.5400,78.8800,1.799994
FILLER_0_24_82,VPWR,li1,43.7000,78.8800,1.799993
FILLER_0_24_68,VPWR,li1,37.2600,78.8800,1.799993
FILLER_0_24_56,VPWR,li1,34.0400,78.8800,1.799992
FILLER_0_24_26,VPWR,li1,17.9400,78.8800,1.799988
FILLER_0_24_11,VPWR,li1,11.2700,78.8800,1.799986
FILLER_0_24_3,VPWR,li1,7.1300,78.8800,1.799986
FILLER_0_23_173,VPWR,li1,85.3300,73.4400,1.799988
FILLER_0_23_169,VPWR,li1,84.1800,73.4400,1.799988
FILLER_0_23_160,VPWR,li1,80.9600,73.4400,1.799988
FILLER_0_23_111,VPWR,li1,56.8100,73.4400,1.799986
FILLER_0_23_103,VPWR,li1,54.7400,73.4400,1.799985
FILLER_0_23_91,VPWR,li1,50.1400,73.4400,1.799983
FILLER_0_23_57,VPWR,li1,32.6600,73.4400,1.799987
FILLER_0_23_55,VPWR,li1,31.0500,73.4400,1.799987
FILLER_0_23_51,VPWR,li1,29.9000,73.4400,1.799987
FILLER_0_23_39,VPWR,li1,26.2200,73.4400,1.799987
FILLER_0_23_27,VPWR,li1,20.7000,73.4400,1.799989
FILLER_0_23_15,VPWR,li1,13.8000,73.4400,1.799992
FILLER_0_23_3,VPWR,li1,9.6600,73.4400,1.799992
FILLER_0_22_152,VPWR,li1,75.9000,73.4400,1.799987
FILLER_0_22_137,VPWR,li1,69.2300,73.4400,1.799984
FILLER_0_22_125,VPWR,li1,65.7800,73.4400,1.799984
FILLER_0_22_118,VPWR,li1,60.0300,73.4400,1.799984
FILLER_0_22_109,VPWR,li1,55.8900,73.4400,1.799986
FILLER_0_22_101,VPWR,li1,53.8200,73.4400,1.799985
FILLER_0_22_93,VPWR,li1,48.5300,73.4400,1.799983
FILLER_0_22_85,VPWR,li1,46.4600,73.4400,1.799982
FILLER_0_22_83,VPWR,li1,43.9300,73.4400,1.799983
FILLER_0_22_71,VPWR,li1,39.5600,73.4400,1.799985
FILLER_0_22_49,VPWR,li1,28.5200,73.4400,1.799987
FILLER_0_22_27,VPWR,li1,18.1700,73.4400,1.799991
FILLER_0_22_15,VPWR,li1,15.1800,73.4400,1.799992
FILLER_0_22_3,VPWR,li1,9.6600,73.4400,1.799992
FILLER_0_21_169,VPWR,li1,83.7200,68.0000,1.799994
FILLER_0_21_145,VPWR,li1,72.9100,68.0000,1.799994
FILLER_0_21_137,VPWR,li1,70.3800,68.0000,1.799994
FILLER_0_21_125,VPWR,li1,65.7800,68.0000,1.799994
FILLER_0_21_113,VPWR,li1,60.2600,68.0000,1.799994
FILLER_0_21_110,VPWR,li1,56.5800,68.0000,1.799994
FILLER_0_21_102,VPWR,li1,54.2800,68.0000,1.799992
FILLER_0_21_93,VPWR,li1,49.6800,68.0000,1.799991
FILLER_0_21_81,VPWR,li1,45.5400,68.0000,1.799992
FILLER_0_21_69,VPWR,li1,40.0200,68.0000,1.799992
FILLER_0_21_57,VPWR,li1,34.5000,68.0000,1.799991
FILLER_0_21_52,VPWR,li1,30.3600,68.0000,1.799989
FILLER_0_21_42,VPWR,li1,25.5300,68.0000,1.799990
FILLER_0_21_30,VPWR,li1,22.0800,68.0000,1.799991
FILLER_0_21_18,VPWR,li1,16.5600,68.0000,1.799993
FILLER_0_21_6,VPWR,li1,11.0400,68.0000,1.799993
FILLER_0_20_165,VPWR,li1,82.8000,68.0000,1.799994
FILLER_0_20_153,VPWR,li1,78.6600,68.0000,1.799994
FILLER_0_20_141,VPWR,li1,73.1400,68.0000,1.799994
FILLER_0_20_138,VPWR,li1,69.4600,68.0000,1.799994
FILLER_0_20_126,VPWR,li1,63.9400,68.0000,1.799994
FILLER_0_20_114,VPWR,li1,60.7200,68.0000,1.799994
FILLER_0_20_93,VPWR,li1,48.9900,68.0000,1.799991
FILLER_0_20_85,VPWR,li1,46.4600,68.0000,1.799992
FILLER_0_20_82,VPWR,li1,43.7000,68.0000,1.799992
FILLER_0_20_74,VPWR,li1,40.4800,68.0000,1.799992
FILLER_0_20_70,VPWR,li1,37.9500,68.0000,1.799992
FILLER_0_20_64,VPWR,li1,36.3400,68.0000,1.799992
FILLER_0_20_53,VPWR,li1,30.1300,68.0000,1.799989
FILLER_0_20_41,VPWR,li1,24.6100,68.0000,1.799990
FILLER_0_20_29,VPWR,li1,21.6200,68.0000,1.799991
FILLER_0_20_27,VPWR,li1,18.1700,68.0000,1.799993
FILLER_0_20_14,VPWR,li1,12.6500,68.0000,1.799993
FILLER_0_20_6,VPWR,li1,10.1200,68.0000,1.799993
FILLER_0_19_173,VPWR,li1,85.3300,62.5600,1.799987
FILLER_0_19_169,VPWR,li1,84.1800,62.5600,1.799987
FILLER_0_19_167,VPWR,li1,82.5700,62.5600,1.799987
FILLER_0_19_163,VPWR,li1,81.4200,62.5600,1.799987
FILLER_0_19_141,VPWR,li1,70.8400,62.5600,1.799987
FILLER_0_19_109,VPWR,li1,56.3500,62.5600,1.799990
FILLER_0_19_86,VPWR,li1,45.7700,62.5600,1.799986
FILLER_0_19_65,VPWR,li1,35.6500,62.5600,1.799988
FILLER_0_19_57,VPWR,li1,33.5800,62.5600,1.799987
FILLER_0_19_30,VPWR,li1,20.7000,62.5600,1.799984
FILLER_0_18_173,VPWR,li1,85.3300,62.5600,1.799987
FILLER_0_18_169,VPWR,li1,84.1800,62.5600,1.799987
FILLER_0_18_156,VPWR,li1,77.9700,62.5600,1.799988
FILLER_0_18_148,VPWR,li1,75.4400,62.5600,1.799989
FILLER_0_18_139,VPWR,li1,69.6900,62.5600,1.799987
FILLER_0_18_135,VPWR,li1,68.5400,62.5600,1.799987
FILLER_0_18_129,VPWR,li1,65.5500,62.5600,1.799987
FILLER_0_18_121,VPWR,li1,63.0200,62.5600,1.799988
FILLER_0_18_109,VPWR,li1,58.4200,62.5600,1.799989
FILLER_0_18_97,VPWR,li1,52.9000,62.5600,1.799988
FILLER_0_18_85,VPWR,li1,47.3800,62.5600,1.799987
FILLER_0_18_77,VPWR,li1,41.1700,62.5600,1.799986
FILLER_0_18_61,VPWR,li1,35.4200,62.5600,1.799988
FILLER_0_18_49,VPWR,li1,30.8200,62.5600,1.799986
FILLER_0_18_27,VPWR,li1,18.1700,62.5600,1.799985
FILLER_0_18_21,VPWR,li1,16.5600,62.5600,1.799985
FILLER_0_18_9,VPWR,li1,9.8900,62.5600,1.799985
FILLER_0_18_3,VPWR,li1,8.2800,62.5600,1.799985
FILLER_0_17_173,VPWR,li1,85.3300,57.1200,1.799986
FILLER_0_17_153,VPWR,li1,76.8200,57.1200,1.799988
FILLER_0_17_104,VPWR,li1,55.2000,57.1200,1.799986
FILLER_0_17_92,VPWR,li1,48.5300,57.1200,1.799983
FILLER_0_17_84,VPWR,li1,46.0000,57.1200,1.799983
FILLER_0_17_72,VPWR,li1,41.4000,57.1200,1.799984
FILLER_0_17_57,VPWR,li1,33.5800,57.1200,1.799985
FILLER_0_17_54,VPWR,li1,30.8200,57.1200,1.799984
FILLER_0_17_49,VPWR,li1,28.2900,57.1200,1.799984
FILLER_0_17_43,VPWR,li1,26.6800,57.1200,1.799984
FILLER_0_17_39,VPWR,li1,23.6900,57.1200,1.799985
FILLER_0_17_27,VPWR,li1,20.7000,57.1200,1.799985
FILLER_0_17_15,VPWR,li1,15.1800,57.1200,1.799989
FILLER_0_17_3,VPWR,li1,9.6600,57.1200,1.799987
FILLER_0_16_149,VPWR,li1,74.5200,57.1200,1.799987
FILLER_0_16_141,VPWR,li1,72.2200,57.1200,1.799985
FILLER_0_16_139,VPWR,li1,69.6900,57.1200,1.799983
FILLER_0_16_131,VPWR,li1,67.6200,57.1200,1.799983
FILLER_0_16_112,VPWR,li1,59.8000,57.1200,1.799983
FILLER_0_16_83,VPWR,li1,43.9300,57.1200,1.799984
FILLER_0_16_36,VPWR,li1,22.3100,57.1200,1.799985
FILLER_0_16_27,VPWR,li1,18.1700,57.1200,1.799987
FILLER_0_16_23,VPWR,li1,17.0200,57.1200,1.799987
FILLER_0_15_169,VPWR,li1,83.7200,51.6800,1.799987
FILLER_0_15_137,VPWR,li1,68.7700,51.6800,1.799985
FILLER_0_15_131,VPWR,li1,67.1600,51.6800,1.799985
FILLER_0_15_119,VPWR,li1,60.4900,51.6800,1.799986
FILLER_0_15_113,VPWR,li1,58.8800,51.6800,1.799989
FILLER_0_15_104,VPWR,li1,55.2000,51.6800,1.799990
FILLER_0_15_80,VPWR,li1,45.0800,51.6800,1.799990
FILLER_0_15_65,VPWR,li1,35.6500,51.6800,1.799992
FILLER_0_15_57,VPWR,li1,33.5800,51.6800,1.799992
FILLER_0_15_55,VPWR,li1,31.0500,51.6800,1.799990
FILLER_0_15_46,VPWR,li1,27.3700,51.6800,1.799990
FILLER_0_15_36,VPWR,li1,22.5400,51.6800,1.799990
FILLER_0_15_6,VPWR,li1,8.9700,51.6800,1.799989
FILLER_0_14_173,VPWR,li1,85.3300,51.6800,1.799987
FILLER_0_14_169,VPWR,li1,84.1800,51.6800,1.799987
FILLER_0_14_157,VPWR,li1,79.1200,51.6800,1.799987
FILLER_0_14_149,VPWR,li1,74.2900,51.6800,1.799987
FILLER_0_14_141,VPWR,li1,72.2200,51.6800,1.799985
FILLER_0_14_138,VPWR,li1,69.4600,51.6800,1.799985
FILLER_0_14_109,VPWR,li1,56.3500,51.6800,1.799990
FILLER_0_14_97,VPWR,li1,52.9000,51.6800,1.799990
FILLER_0_14_85,VPWR,li1,47.3800,51.6800,1.799990
FILLER_0_14_78,VPWR,li1,42.7800,51.6800,1.799991
FILLER_0_14_73,VPWR,li1,39.5600,51.6800,1.799991
FILLER_0_14_65,VPWR,li1,37.2600,51.6800,1.799992
FILLER_0_14_53,VPWR,li1,32.6600,51.6800,1.799991
FILLER_0_14_41,VPWR,li1,27.1400,51.6800,1.799990
FILLER_0_14_29,VPWR,li1,21.6200,51.6800,1.799990
FILLER_0_14_26,VPWR,li1,17.9400,51.6800,1.799990
FILLER_0_14_18,VPWR,li1,15.6400,51.6800,1.799991
FILLER_0_14_6,VPWR,li1,11.0400,51.6800,1.799989
FILLER_0_13_173,VPWR,li1,85.3300,46.2400,1.799990
FILLER_0_13_169,VPWR,li1,84.1800,46.2400,1.799990
FILLER_0_13_160,VPWR,li1,79.5800,46.2400,1.799990
FILLER_0_13_155,VPWR,li1,77.2800,46.2400,1.799991
FILLER_0_13_143,VPWR,li1,74.0600,46.2400,1.799989
FILLER_0_13_131,VPWR,li1,68.5400,46.2400,1.799989
FILLER_0_13_125,VPWR,li1,63.4800,46.2400,1.799989
FILLER_0_13_113,VPWR,li1,60.2600,46.2400,1.799989
FILLER_0_13_111,VPWR,li1,56.8100,46.2400,1.799989
FILLER_0_13_107,VPWR,li1,55.6600,46.2400,1.799987
FILLER_0_13_86,VPWR,li1,45.3100,46.2400,1.799983
FILLER_0_13_57,VPWR,li1,32.6600,46.2400,1.799985
FILLER_0_13_48,VPWR,li1,28.0600,46.2400,1.799984
FILLER_0_13_36,VPWR,li1,24.8400,46.2400,1.799983
FILLER_0_13_24,VPWR,li1,19.3200,46.2400,1.799985
FILLER_0_12_173,VPWR,li1,85.3300,46.2400,1.799990
FILLER_0_12_129,VPWR,li1,65.0900,46.2400,1.799989
FILLER_0_12_121,VPWR,li1,63.0200,46.2400,1.799989
FILLER_0_12_109,VPWR,li1,58.4200,46.2400,1.799989
FILLER_0_12_100,VPWR,li1,51.9800,46.2400,1.799986
FILLER_0_12_92,VPWR,li1,49.6800,46.2400,1.799984
FILLER_0_12_85,VPWR,li1,45.3100,46.2400,1.799983
FILLER_0_12_27,VPWR,li1,18.1700,46.2400,1.799985
FILLER_0_11_169,VPWR,li1,83.7200,40.8000,1.799991
FILLER_0_11_140,VPWR,li1,71.7600,40.8000,1.799988
FILLER_0_11_111,VPWR,li1,56.8100,40.8000,1.799990
FILLER_0_11_105,VPWR,li1,55.2000,40.8000,1.799990
FILLER_0_11_91,VPWR,li1,48.0700,40.8000,1.799988
FILLER_0_11_79,VPWR,li1,44.6200,40.8000,1.799988
FILLER_0_11_61,VPWR,li1,36.3400,40.8000,1.799991
FILLER_0_11_54,VPWR,li1,30.8200,40.8000,1.799990
FILLER_0_11_46,VPWR,li1,26.9100,40.8000,1.799990
FILLER_0_11_40,VPWR,li1,25.3000,40.8000,1.799990
FILLER_0_11_17,VPWR,li1,14.0300,40.8000,1.799993
FILLER_0_11_9,VPWR,li1,11.5000,40.8000,1.799993
FILLER_0_10_165,VPWR,li1,82.8000,40.8000,1.799991
FILLER_0_10_153,VPWR,li1,78.6600,40.8000,1.799991
FILLER_0_10_141,VPWR,li1,73.1400,40.8000,1.799990
FILLER_0_10_134,VPWR,li1,68.5400,40.8000,1.799987
FILLER_0_10_123,VPWR,li1,63.9400,40.8000,1.799987
FILLER_0_10_111,VPWR,li1,59.3400,40.8000,1.799988
FILLER_0_10_78,VPWR,li1,42.7800,40.8000,1.799989
FILLER_0_10_65,VPWR,li1,36.8000,40.8000,1.799991
FILLER_0_10_53,VPWR,li1,32.6600,40.8000,1.799991
FILLER_0_10_41,VPWR,li1,27.1400,40.8000,1.799989
FILLER_0_10_29,VPWR,li1,21.6200,40.8000,1.799990
FILLER_0_10_27,VPWR,li1,18.1700,40.8000,1.799992
FILLER_0_10_18,VPWR,li1,14.7200,40.8000,1.799993
FILLER_0_10_6,VPWR,li1,11.0400,40.8000,1.799993
FILLER_0_9_169,VPWR,li1,83.7200,35.3600,1.799988
FILLER_0_9_166,VPWR,li1,82.3400,35.3600,1.799988
FILLER_0_9_145,VPWR,li1,72.4500,35.3600,1.799988
FILLER_0_9_111,VPWR,li1,56.8100,35.3600,1.799991
FILLER_0_9_99,VPWR,li1,53.8200,35.3600,1.799990
FILLER_0_9_92,VPWR,li1,48.5300,35.3600,1.799988
FILLER_0_9_84,VPWR,li1,46.0000,35.3600,1.799987
FILLER_0_9_11,VPWR,li1,10.8100,35.3600,1.799993
FILLER_0_9_3,VPWR,li1,8.7400,35.3600,1.799993
FILLER_0_8_171,VPWR,li1,84.8700,35.3600,1.799988
FILLER_0_8_141,VPWR,li1,73.1400,35.3600,1.799988
FILLER_0_8_139,VPWR,li1,69.6900,35.3600,1.799986
FILLER_0_8_121,VPWR,li1,63.9400,35.3600,1.799987
FILLER_0_8_109,VPWR,li1,58.4200,35.3600,1.799990
FILLER_0_8_97,VPWR,li1,52.9000,35.3600,1.799990
FILLER_0_8_85,VPWR,li1,47.3800,35.3600,1.799987
FILLER_0_8_83,VPWR,li1,43.9300,35.3600,1.799986
FILLER_0_8_79,VPWR,li1,42.7800,35.3600,1.799986
FILLER_0_8_64,VPWR,li1,35.1900,35.3600,1.799988
FILLER_0_8_60,VPWR,li1,34.0400,35.3600,1.799988
FILLER_0_8_51,VPWR,li1,29.6700,35.3600,1.799987
FILLER_0_8_40,VPWR,li1,24.1500,35.3600,1.799988
FILLER_0_8_32,VPWR,li1,22.0800,35.3600,1.799989
FILLER_0_8_26,VPWR,li1,17.9400,35.3600,1.799992
FILLER_0_7_173,VPWR,li1,85.3300,29.9200,1.799992
FILLER_0_7_169,VPWR,li1,84.1800,29.9200,1.799992
FILLER_0_7_162,VPWR,li1,81.4200,29.9200,1.799992
FILLER_0_7_153,VPWR,li1,77.2800,29.9200,1.799993
FILLER_0_7_141,VPWR,li1,73.1400,29.9200,1.799992
FILLER_0_7_131,VPWR,li1,67.1600,29.9200,1.799992
FILLER_0_7_119,VPWR,li1,63.0200,29.9200,1.799992
FILLER_0_7_87,VPWR,li1,45.7700,29.9200,1.799993
FILLER_0_7_69,VPWR,li1,40.0200,29.9200,1.799995
FILLER_0_7_57,VPWR,li1,34.5000,29.9200,1.799996
FILLER_0_7_55,VPWR,li1,31.0500,29.9200,1.799996
FILLER_0_7_51,VPWR,li1,29.9000,29.9200,1.799996
FILLER_0_7_39,VPWR,li1,26.2200,29.9200,1.799997
FILLER_0_7_27,VPWR,li1,20.7000,29.9200,1.799997
FILLER_0_7_15,VPWR,li1,13.8000,29.9200,1.799997
FILLER_0_7_3,VPWR,li1,9.6600,29.9200,1.799997
FILLER_0_6_163,VPWR,li1,82.3400,29.9200,1.799992
FILLER_0_6_155,VPWR,li1,77.0500,29.9200,1.799993
FILLER_0_6_147,VPWR,li1,74.9800,29.9200,1.799993
FILLER_0_6_118,VPWR,li1,60.2600,29.9200,1.799993
FILLER_0_6_106,VPWR,li1,57.0400,29.9200,1.799994
FILLER_0_6_89,VPWR,li1,47.8400,29.9200,1.799993
FILLER_0_6_83,VPWR,li1,43.9300,29.9200,1.799993
FILLER_0_6_71,VPWR,li1,40.9400,29.9200,1.799995
FILLER_0_6_60,VPWR,li1,33.3500,29.9200,1.799996
FILLER_0_6_48,VPWR,li1,30.3600,29.9200,1.799996
FILLER_0_6_36,VPWR,li1,24.8400,29.9200,1.799997
FILLER_0_6_26,VPWR,li1,17.9400,29.9200,1.799997
FILLER_0_6_6,VPWR,li1,10.1200,29.9200,1.799997
FILLER_0_5_173,VPWR,li1,85.3300,24.4800,1.799988
FILLER_0_5_169,VPWR,li1,84.1800,24.4800,1.799988
FILLER_0_5_167,VPWR,li1,82.5700,24.4800,1.799988
FILLER_0_5_163,VPWR,li1,81.4200,24.4800,1.799988
FILLER_0_5_141,VPWR,li1,70.8400,24.4800,1.799988
FILLER_0_5_111,VPWR,li1,56.8100,24.4800,1.799993
FILLER_0_5_107,VPWR,li1,55.6600,24.4800,1.799993
FILLER_0_5_94,VPWR,li1,50.1400,24.4800,1.799993
FILLER_0_5_72,VPWR,li1,39.1000,24.4800,1.799994
FILLER_0_5_54,VPWR,li1,30.8200,24.4800,1.799994
FILLER_0_5_28,VPWR,li1,19.7800,24.4800,1.799996
FILLER_0_5_3,VPWR,li1,7.3600,24.4800,1.799997
FILLER_0_4_148,VPWR,li1,74.9800,24.4800,1.799989
FILLER_0_4_138,VPWR,li1,69.4600,24.4800,1.799988
FILLER_0_4_133,VPWR,li1,67.1600,24.4800,1.799988
FILLER_0_4_121,VPWR,li1,63.9400,24.4800,1.799989
FILLER_0_4_109,VPWR,li1,58.4200,24.4800,1.799992
FILLER_0_4_97,VPWR,li1,52.9000,24.4800,1.799993
FILLER_0_4_85,VPWR,li1,47.3800,24.4800,1.799993
FILLER_0_4_72,VPWR,li1,41.4000,24.4800,1.799993
FILLER_0_4_41,VPWR,li1,24.8400,24.4800,1.799995
FILLER_0_4_29,VPWR,li1,21.6200,24.4800,1.799995
FILLER_0_4_27,VPWR,li1,18.1700,24.4800,1.799996
FILLER_0_4_15,VPWR,li1,15.1800,24.4800,1.799997
FILLER_0_4_3,VPWR,li1,9.6600,24.4800,1.799997
FILLER_0_3_173,VPWR,li1,85.3300,19.0400,1.799988
FILLER_0_3_169,VPWR,li1,84.1800,19.0400,1.799988
FILLER_0_3_160,VPWR,li1,80.9600,19.0400,1.799988
FILLER_0_3_140,VPWR,li1,71.3000,19.0400,1.799987
FILLER_0_3_128,VPWR,li1,67.1600,19.0400,1.799986
FILLER_0_3_121,VPWR,li1,61.4100,19.0400,1.799986
FILLER_0_3_113,VPWR,li1,59.3400,19.0400,1.799987
FILLER_0_3_109,VPWR,li1,56.3500,19.0400,1.799989
FILLER_0_3_101,VPWR,li1,53.8200,19.0400,1.799988
FILLER_0_3_69,VPWR,li1,39.1000,19.0400,1.799989
FILLER_0_3_57,VPWR,li1,34.5000,19.0400,1.799992
FILLER_0_3_55,VPWR,li1,31.0500,19.0400,1.799992
FILLER_0_3_47,VPWR,li1,28.9800,19.0400,1.799992
FILLER_0_3_39,VPWR,li1,23.9200,19.0400,1.799991
FILLER_0_3_27,VPWR,li1,20.7000,19.0400,1.799993
FILLER_0_3_15,VPWR,li1,15.1800,19.0400,1.799995
FILLER_0_3_3,VPWR,li1,9.6600,19.0400,1.799995
FILLER_0_2_136,VPWR,li1,69.0000,19.0400,1.799987
FILLER_0_2_103,VPWR,li1,53.5900,19.0400,1.799987
FILLER_0_2_73,VPWR,li1,40.9400,19.0400,1.799988
FILLER_0_2_27,VPWR,li1,18.1700,19.0400,1.799994
FILLER_0_2_15,VPWR,li1,15.1800,19.0400,1.799995
FILLER_0_2_3,VPWR,li1,9.6600,19.0400,1.799995
FILLER_0_1_169,VPWR,li1,83.7200,13.6000,1.799991
FILLER_0_1_167,VPWR,li1,82.5700,13.6000,1.799991
FILLER_0_1_159,VPWR,li1,80.5000,13.6000,1.799991
FILLER_0_1_145,VPWR,li1,72.6800,13.6000,1.799989
FILLER_0_1_124,VPWR,li1,62.7900,13.6000,1.799986
FILLER_0_1_106,VPWR,li1,55.6600,13.6000,1.799988
FILLER_0_1_84,VPWR,li1,44.6200,13.6000,1.799986
FILLER_0_1_55,VPWR,li1,31.0500,13.6000,1.799988
FILLER_0_1_35,VPWR,li1,22.0800,13.6000,1.799990
FILLER_0_1_27,VPWR,li1,19.7800,13.6000,1.799992
FILLER_0_1_15,VPWR,li1,15.1800,13.6000,1.799994
FILLER_0_1_3,VPWR,li1,9.6600,13.6000,1.799994
FILLER_0_0_173,VPWR,li1,85.3300,13.6000,1.799991
FILLER_0_0_169,VPWR,li1,84.1800,13.6000,1.799991
FILLER_0_0_165,VPWR,li1,82.1100,13.6000,1.799991
FILLER_0_0_153,VPWR,li1,78.6600,13.6000,1.799991
FILLER_0_0_141,VPWR,li1,73.1400,13.6000,1.799989
FILLER_0_0_132,VPWR,li1,68.0800,13.6000,1.799987
FILLER_0_0_128,VPWR,li1,64.6300,13.6000,1.799986
FILLER_0_0_120,VPWR,li1,62.5600,13.6000,1.799986
FILLER_0_0_111,VPWR,li1,56.8100,13.6000,1.799989
FILLER_0_0_104,VPWR,li1,54.2800,13.6000,1.799988
FILLER_0_0_97,VPWR,li1,51.0600,13.6000,1.799986
FILLER_0_0_93,VPWR,li1,48.5300,13.6000,1.799986
FILLER_0_0_85,VPWR,li1,46.4600,13.6000,1.799986
FILLER_0_0_83,VPWR,li1,43.9300,13.6000,1.799986
FILLER_0_0_77,VPWR,li1,41.6300,13.6000,1.799986
FILLER_0_0_69,VPWR,li1,39.1000,13.6000,1.799987
FILLER_0_0_65,VPWR,li1,35.6500,13.6000,1.799989
FILLER_0_0_57,VPWR,li1,33.5800,13.6000,1.799989
FILLER_0_0_48,VPWR,li1,29.4400,13.6000,1.799988
FILLER_0_0_41,VPWR,li1,25.3000,13.6000,1.799989
FILLER_0_0_29,VPWR,li1,21.6200,13.6000,1.799990
FILLER_0_0_27,VPWR,li1,18.1700,13.6000,1.799992
FILLER_0_0_15,VPWR,li1,15.1800,13.6000,1.799994
FILLER_0_0_3,VPWR,li1,9.6600,13.6000,1.799994
fanout53,VPWR,li1,8.7400,84.3200,1.799992
fanout52,VPWR,li1,66.0100,78.8800,1.799995
fanout51,VPWR,li1,50.1400,89.7600,1.799995
fanout50,VPWR,li1,67.6200,46.2400,1.799989
fanout49,VPWR,li1,46.9200,46.2400,1.799983
fanout48,VPWR,li1,30.5900,84.3200,1.799986
fanout47,VPWR,li1,8.2800,78.8800,1.799986
fanout46,VPWR,li1,35.8800,46.2400,1.799986
fanout45,VPWR,li1,7.8200,46.2400,1.799982
fanout44,VPWR,li1,76.8200,19.0400,1.799989
fanout43,VPWR,li1,84.1800,57.1200,1.799986
fanout42,VPWR,li1,79.5800,51.6800,1.799987
fanout41,VPWR,li1,77.7400,13.6000,1.799991
fanout40,VPWR,li1,64.8600,19.0400,1.799986
fanout39,VPWR,li1,41.4000,51.6800,1.799991
fanout38,VPWR,li1,33.1200,57.1200,1.799985
fanout37,VPWR,li1,51.0600,19.0400,1.799986
fanout36,VPWR,li1,35.8800,24.4800,1.799994
output35,VPWR,li1,84.6400,78.8800,1.799997
input34,VPWR,li1,84.8700,13.6000,1.799991
input33,VPWR,li1,7.5900,84.3200,1.799992
input32,VPWR,li1,43.4700,89.7600,1.799995
input31,VPWR,li1,7.5900,40.8000,1.799993
input30,VPWR,li1,52.6700,13.6000,1.799986
input29,VPWR,li1,84.8700,40.8000,1.799991
input28,VPWR,li1,84.8700,40.8000,1.799991
input27,VPWR,li1,82.1100,57.1200,1.799986
input26,VPWR,li1,84.8700,51.6800,1.799987
input25,VPWR,li1,7.5900,40.8000,1.799993
input24,VPWR,li1,7.5900,29.9200,1.799997
input23,VPWR,li1,84.8700,68.0000,1.799994
input22,VPWR,li1,36.5700,13.6000,1.799989
input21,VPWR,li1,55.8900,13.6000,1.799988
input20,VPWR,li1,84.8700,29.9200,1.799992
input19,VPWR,li1,84.8700,35.3600,1.799988
input18,VPWR,li1,84.8700,19.0400,1.799988
input17,VPWR,li1,65.5500,13.6000,1.799986
input16,VPWR,li1,49.4500,13.6000,1.799986
input15,VPWR,li1,26.9100,13.6000,1.799988
input14,VPWR,li1,43.0100,13.6000,1.799986
input13,VPWR,li1,8.9700,40.8000,1.799993
input12,VPWR,li1,84.8700,57.1200,1.799986
input11,VPWR,li1,7.5900,51.6800,1.799989
input10,VPWR,li1,7.5900,51.6800,1.799989
input9,VPWR,li1,7.5900,68.0000,1.799993
input8,VPWR,li1,7.5900,68.0000,1.799993
input7,VPWR,li1,42.0900,89.7600,1.799995
input6,VPWR,li1,62.3300,89.7600,1.799997
input5,VPWR,li1,51.7500,89.7600,1.799995
input4,VPWR,li1,55.8900,89.7600,1.799997
input3,VPWR,li1,9.8900,78.8800,1.799986
input2,VPWR,li1,28.7500,89.7600,1.799996
input1,VPWR,li1,84.8700,68.0000,1.799994
TAP_TAPCELL_ROW_28_150,VPWR,li1,83.0300,89.4530,1.799999
TAP_TAPCELL_ROW_28_149,VPWR,li1,70.1500,89.4530,1.799998
TAP_TAPCELL_ROW_28_148,VPWR,li1,57.2700,89.4530,1.799997
TAP_TAPCELL_ROW_28_147,VPWR,li1,44.3900,89.4530,1.799995
TAP_TAPCELL_ROW_28_146,VPWR,li1,31.5100,89.4530,1.799997
TAP_TAPCELL_ROW_28_145,VPWR,li1,18.6300,89.4530,1.799998
TAP_TAPCELL_ROW_27_144,VPWR,li1,83.0300,84.6260,1.799995
TAP_TAPCELL_ROW_27_143,VPWR,li1,57.2700,84.6260,1.799988
TAP_TAPCELL_ROW_27_142,VPWR,li1,31.5100,84.6260,1.799986
TAP_TAPCELL_ROW_26_141,VPWR,li1,70.1500,84.0130,1.799992
TAP_TAPCELL_ROW_26_140,VPWR,li1,44.3900,84.0130,1.799983
TAP_TAPCELL_ROW_26_139,VPWR,li1,18.6300,84.0130,1.799991
TAP_TAPCELL_ROW_25_138,VPWR,li1,83.0300,79.1860,1.799997
TAP_TAPCELL_ROW_25_137,VPWR,li1,57.2700,79.1860,1.799995
TAP_TAPCELL_ROW_25_136,VPWR,li1,31.5100,79.1860,1.799990
TAP_TAPCELL_ROW_24_135,VPWR,li1,70.1500,78.5730,1.799995
TAP_TAPCELL_ROW_24_134,VPWR,li1,44.3900,78.5730,1.799994
TAP_TAPCELL_ROW_24_133,VPWR,li1,18.6300,78.5730,1.799988
TAP_TAPCELL_ROW_23_132,VPWR,li1,83.0300,73.7460,1.799988
TAP_TAPCELL_ROW_23_131,VPWR,li1,57.2700,73.7460,1.799986
TAP_TAPCELL_ROW_23_130,VPWR,li1,31.5100,73.7460,1.799987
TAP_TAPCELL_ROW_22_129,VPWR,li1,70.1500,73.1330,1.799984
TAP_TAPCELL_ROW_22_128,VPWR,li1,44.3900,73.1330,1.799982
TAP_TAPCELL_ROW_22_127,VPWR,li1,18.6300,73.1330,1.799991
TAP_TAPCELL_ROW_21_126,VPWR,li1,83.0300,68.3060,1.799994
TAP_TAPCELL_ROW_21_125,VPWR,li1,57.2700,68.3060,1.799994
TAP_TAPCELL_ROW_21_124,VPWR,li1,31.5100,68.3060,1.799989
TAP_TAPCELL_ROW_20_123,VPWR,li1,70.1500,67.6930,1.799994
TAP_TAPCELL_ROW_20_122,VPWR,li1,44.3900,67.6930,1.799992
TAP_TAPCELL_ROW_20_121,VPWR,li1,18.6300,67.6930,1.799992
TAP_TAPCELL_ROW_19_120,VPWR,li1,83.0300,62.8660,1.799987
TAP_TAPCELL_ROW_19_119,VPWR,li1,57.2700,62.8660,1.799990
TAP_TAPCELL_ROW_19_118,VPWR,li1,31.5100,62.8660,1.799986
TAP_TAPCELL_ROW_18_117,VPWR,li1,70.1500,62.2530,1.799987
TAP_TAPCELL_ROW_18_116,VPWR,li1,44.3900,62.2530,1.799986
TAP_TAPCELL_ROW_18_115,VPWR,li1,18.6300,62.2530,1.799985
TAP_TAPCELL_ROW_17_114,VPWR,li1,83.0300,57.4260,1.799986
TAP_TAPCELL_ROW_17_113,VPWR,li1,57.2700,57.4260,1.799985
TAP_TAPCELL_ROW_17_112,VPWR,li1,31.5100,57.4260,1.799985
TAP_TAPCELL_ROW_16_111,VPWR,li1,70.1500,56.8130,1.799983
TAP_TAPCELL_ROW_16_110,VPWR,li1,44.3900,56.8130,1.799984
TAP_TAPCELL_ROW_16_109,VPWR,li1,18.6300,56.8130,1.799987
TAP_TAPCELL_ROW_15_108,VPWR,li1,83.0300,51.9860,1.799987
TAP_TAPCELL_ROW_15_107,VPWR,li1,57.2700,51.9860,1.799989
TAP_TAPCELL_ROW_15_106,VPWR,li1,31.5100,51.9860,1.799991
TAP_TAPCELL_ROW_14_105,VPWR,li1,70.1500,51.3730,1.799985
TAP_TAPCELL_ROW_14_104,VPWR,li1,44.3900,51.3730,1.799990
TAP_TAPCELL_ROW_14_103,VPWR,li1,18.6300,51.3730,1.799990
TAP_TAPCELL_ROW_13_102,VPWR,li1,83.0300,46.5460,1.799990
TAP_TAPCELL_ROW_13_101,VPWR,li1,57.2700,46.5460,1.799989
TAP_TAPCELL_ROW_13_100,VPWR,li1,31.5100,46.5460,1.799984
TAP_TAPCELL_ROW_12_99,VPWR,li1,70.1500,45.9330,1.799989
TAP_TAPCELL_ROW_12_98,VPWR,li1,44.3900,45.9330,1.799983
TAP_TAPCELL_ROW_12_97,VPWR,li1,18.6300,45.9330,1.799985
TAP_TAPCELL_ROW_11_96,VPWR,li1,83.0300,41.1060,1.799991
TAP_TAPCELL_ROW_11_95,VPWR,li1,57.2700,41.1060,1.799989
TAP_TAPCELL_ROW_11_94,VPWR,li1,31.5100,41.1060,1.799990
TAP_TAPCELL_ROW_10_93,VPWR,li1,70.1500,40.4930,1.799988
TAP_TAPCELL_ROW_10_92,VPWR,li1,44.3900,40.4930,1.799989
TAP_TAPCELL_ROW_10_91,VPWR,li1,18.6300,40.4930,1.799991
TAP_TAPCELL_ROW_9_90,VPWR,li1,83.0300,35.6660,1.799988
TAP_TAPCELL_ROW_9_89,VPWR,li1,57.2700,35.6660,1.799991
TAP_TAPCELL_ROW_9_88,VPWR,li1,31.5100,35.6660,1.799987
TAP_TAPCELL_ROW_8_87,VPWR,li1,70.1500,35.0530,1.799987
TAP_TAPCELL_ROW_8_86,VPWR,li1,44.3900,35.0530,1.799987
TAP_TAPCELL_ROW_8_85,VPWR,li1,18.6300,35.0530,1.799992
TAP_TAPCELL_ROW_7_84,VPWR,li1,83.0300,30.2260,1.799992
TAP_TAPCELL_ROW_7_83,VPWR,li1,57.2700,30.2260,1.799994
TAP_TAPCELL_ROW_7_82,VPWR,li1,31.5100,30.2260,1.799996
TAP_TAPCELL_ROW_6_81,VPWR,li1,70.1500,29.6130,1.799992
TAP_TAPCELL_ROW_6_80,VPWR,li1,44.3900,29.6130,1.799993
TAP_TAPCELL_ROW_6_79,VPWR,li1,18.6300,29.6130,1.799997
TAP_TAPCELL_ROW_5_78,VPWR,li1,83.0300,24.7860,1.799988
TAP_TAPCELL_ROW_5_77,VPWR,li1,57.2700,24.7860,1.799993
TAP_TAPCELL_ROW_5_76,VPWR,li1,31.5100,24.7860,1.799994
TAP_TAPCELL_ROW_4_75,VPWR,li1,70.1500,24.1730,1.799988
TAP_TAPCELL_ROW_4_74,VPWR,li1,44.3900,24.1730,1.799993
TAP_TAPCELL_ROW_4_73,VPWR,li1,18.6300,24.1730,1.799996
TAP_TAPCELL_ROW_3_72,VPWR,li1,83.0300,19.3460,1.799988
TAP_TAPCELL_ROW_3_71,VPWR,li1,57.2700,19.3460,1.799989
TAP_TAPCELL_ROW_3_70,VPWR,li1,31.5100,19.3460,1.799992
TAP_TAPCELL_ROW_2_69,VPWR,li1,70.1500,18.7330,1.799987
TAP_TAPCELL_ROW_2_68,VPWR,li1,44.3900,18.7330,1.799987
TAP_TAPCELL_ROW_2_67,VPWR,li1,18.6300,18.7330,1.799994
TAP_TAPCELL_ROW_1_66,VPWR,li1,83.0300,13.9060,1.799991
TAP_TAPCELL_ROW_1_65,VPWR,li1,57.2700,13.9060,1.799989
TAP_TAPCELL_ROW_1_64,VPWR,li1,31.5100,13.9060,1.799988
TAP_TAPCELL_ROW_0_63,VPWR,li1,83.0300,13.2930,1.799991
TAP_TAPCELL_ROW_0_62,VPWR,li1,70.1500,13.2930,1.799988
TAP_TAPCELL_ROW_0_61,VPWR,li1,57.2700,13.2930,1.799989
TAP_TAPCELL_ROW_0_60,VPWR,li1,44.3900,13.2930,1.799986
TAP_TAPCELL_ROW_0_59,VPWR,li1,31.5100,13.2930,1.799988
TAP_TAPCELL_ROW_0_58,VPWR,li1,18.6300,13.2930,1.799992
PHY_EDGE_ROW_28_Left_57,VPWR,li1,6.2100,89.7600,1.799998
PHY_EDGE_ROW_27_Left_56,VPWR,li1,6.2100,84.3200,1.799992
PHY_EDGE_ROW_26_Left_55,VPWR,li1,6.2100,84.3200,1.799992
PHY_EDGE_ROW_25_Left_54,VPWR,li1,6.2100,78.8800,1.799986
PHY_EDGE_ROW_24_Left_53,VPWR,li1,6.2100,78.8800,1.799986
PHY_EDGE_ROW_23_Left_52,VPWR,li1,6.2100,73.4400,1.799992
PHY_EDGE_ROW_22_Left_51,VPWR,li1,6.2100,73.4400,1.799992
PHY_EDGE_ROW_21_Left_50,VPWR,li1,6.2100,68.0000,1.799993
PHY_EDGE_ROW_20_Left_49,VPWR,li1,6.2100,68.0000,1.799993
PHY_EDGE_ROW_19_Left_48,VPWR,li1,6.2100,62.5600,1.799985
PHY_EDGE_ROW_18_Left_47,VPWR,li1,6.2100,62.5600,1.799985
PHY_EDGE_ROW_17_Left_46,VPWR,li1,6.2100,57.1200,1.799987
PHY_EDGE_ROW_16_Left_45,VPWR,li1,6.2100,57.1200,1.799987
PHY_EDGE_ROW_15_Left_44,VPWR,li1,6.2100,51.6800,1.799989
PHY_EDGE_ROW_14_Left_43,VPWR,li1,6.2100,51.6800,1.799989
PHY_EDGE_ROW_13_Left_42,VPWR,li1,6.2100,46.2400,1.799982
PHY_EDGE_ROW_12_Left_41,VPWR,li1,6.2100,46.2400,1.799982
PHY_EDGE_ROW_11_Left_40,VPWR,li1,6.2100,40.8000,1.799993
PHY_EDGE_ROW_10_Left_39,VPWR,li1,6.2100,40.8000,1.799993
PHY_EDGE_ROW_9_Left_38,VPWR,li1,6.2100,35.3600,1.799993
PHY_EDGE_ROW_8_Left_37,VPWR,li1,6.2100,35.3600,1.799993
PHY_EDGE_ROW_7_Left_36,VPWR,li1,6.2100,29.9200,1.799997
PHY_EDGE_ROW_6_Left_35,VPWR,li1,6.2100,29.9200,1.799997
PHY_EDGE_ROW_5_Left_34,VPWR,li1,6.2100,24.4800,1.799997
PHY_EDGE_ROW_4_Left_33,VPWR,li1,6.2100,24.4800,1.799997
PHY_EDGE_ROW_3_Left_32,VPWR,li1,6.2100,19.0400,1.799995
PHY_EDGE_ROW_2_Left_31,VPWR,li1,6.2100,19.0400,1.799995
PHY_EDGE_ROW_1_Left_30,VPWR,li1,6.2100,13.6000,1.799994
PHY_EDGE_ROW_0_Left_29,VPWR,li1,6.2100,13.6000,1.799994
PHY_EDGE_ROW_28_Right_28,VPWR,li1,86.2500,89.7600,1.799999
PHY_EDGE_ROW_27_Right_27,VPWR,li1,86.2500,84.3200,1.799995
PHY_EDGE_ROW_26_Right_26,VPWR,li1,86.2500,84.3200,1.799995
PHY_EDGE_ROW_25_Right_25,VPWR,li1,86.2500,78.8800,1.799997
PHY_EDGE_ROW_24_Right_24,VPWR,li1,86.2500,78.8800,1.799997
PHY_EDGE_ROW_23_Right_23,VPWR,li1,86.2500,73.4400,1.799988
PHY_EDGE_ROW_22_Right_22,VPWR,li1,86.2500,73.4400,1.799988
PHY_EDGE_ROW_21_Right_21,VPWR,li1,86.2500,68.0000,1.799994
PHY_EDGE_ROW_20_Right_20,VPWR,li1,86.2500,68.0000,1.799994
PHY_EDGE_ROW_19_Right_19,VPWR,li1,86.2500,62.5600,1.799987
PHY_EDGE_ROW_18_Right_18,VPWR,li1,86.2500,62.5600,1.799987
PHY_EDGE_ROW_17_Right_17,VPWR,li1,86.2500,57.1200,1.799986
PHY_EDGE_ROW_16_Right_16,VPWR,li1,86.2500,57.1200,1.799986
PHY_EDGE_ROW_15_Right_15,VPWR,li1,86.2500,51.6800,1.799987
PHY_EDGE_ROW_14_Right_14,VPWR,li1,86.2500,51.6800,1.799987
PHY_EDGE_ROW_13_Right_13,VPWR,li1,86.2500,46.2400,1.799990
PHY_EDGE_ROW_12_Right_12,VPWR,li1,86.2500,46.2400,1.799990
PHY_EDGE_ROW_11_Right_11,VPWR,li1,86.2500,40.8000,1.799991
PHY_EDGE_ROW_10_Right_10,VPWR,li1,86.2500,40.8000,1.799991
PHY_EDGE_ROW_9_Right_9,VPWR,li1,86.2500,35.3600,1.799988
PHY_EDGE_ROW_8_Right_8,VPWR,li1,86.2500,35.3600,1.799988
PHY_EDGE_ROW_7_Right_7,VPWR,li1,86.2500,29.9200,1.799992
PHY_EDGE_ROW_6_Right_6,VPWR,li1,86.2500,29.9200,1.799992
PHY_EDGE_ROW_5_Right_5,VPWR,li1,86.2500,24.4800,1.799988
PHY_EDGE_ROW_4_Right_4,VPWR,li1,86.2500,24.4800,1.799988
PHY_EDGE_ROW_3_Right_3,VPWR,li1,86.2500,19.0400,1.799988
PHY_EDGE_ROW_2_Right_2,VPWR,li1,86.2500,19.0400,1.799988
PHY_EDGE_ROW_1_Right_1,VPWR,li1,86.2500,13.6000,1.799991
PHY_EDGE_ROW_0_Right_0,VPWR,li1,86.2500,13.6000,1.799991
_331_,VPWR,li1,80.9600,73.4400,1.799988
_330_,VPWR,li1,71.3000,73.4400,1.799984
_329_,VPWR,li1,78.2000,68.0000,1.799994
_328_,VPWR,li1,79.5800,57.1200,1.799987
_327_,VPWR,li1,75.9000,62.5600,1.799989
_326_,VPWR,li1,62.1000,62.5600,1.799988
_325_,VPWR,li1,71.3000,57.1200,1.799983
_324_,VPWR,li1,61.6400,51.6800,1.799986
_323_,VPWR,li1,62.1000,57.1200,1.799982
_322_,VPWR,li1,49.2200,57.1200,1.799983
_321_,VPWR,li1,73.6000,51.6800,1.799985
_320_,VPWR,li1,78.2000,40.8000,1.799991
_319_,VPWR,li1,74.9800,46.2400,1.799989
_318_,VPWR,li1,62.1000,35.3600,1.799988
_317_,VPWR,li1,62.1000,40.8000,1.799987
_316_,VPWR,li1,49.2200,40.8000,1.799988
_315_,VPWR,li1,50.1400,46.2400,1.799984
_314_,VPWR,li1,37.7200,46.2400,1.799985
_313_,VPWR,li1,39.1000,57.1200,1.799984
_312_,VPWR,li1,40.4800,62.5600,1.799986
_311_,VPWR,li1,35.4200,84.3200,1.799986
_310_,VPWR,li1,21.6200,84.3200,1.799989
_309_,VPWR,li1,26.6800,78.8800,1.799988
_308_,VPWR,li1,11.5000,78.8800,1.799986
_307_,VPWR,li1,23.4600,73.4400,1.799988
_306_,VPWR,li1,51.0600,62.5600,1.799987
_305_,VPWR,li1,52.4400,84.3200,1.799984
_304_,VPWR,li1,39.5600,84.3200,1.799984
_303_,VPWR,li1,62.1000,84.3200,1.799988
_302_,VPWR,li1,62.1000,73.4400,1.799983
_301_,VPWR,li1,51.0600,78.8800,1.799995
_300_,VPWR,li1,38.1800,73.4400,1.799985
_299_,VPWR,li1,33.5800,73.4400,1.799986
_298_,VPWR,li1,26.6800,62.5600,1.799984
_297_,VPWR,li1,23.4600,62.5600,1.799983
_296_,VPWR,li1,11.5000,62.5600,1.799985
_295_,VPWR,li1,11.5000,57.1200,1.799987
_294_,VPWR,li1,27.1400,57.1200,1.799984
_293_,VPWR,li1,17.4800,51.6800,1.799990
_292_,VPWR,li1,11.5000,46.2400,1.799982
_291_,VPWR,li1,19.3200,40.8000,1.799991
_290_,VPWR,li1,23.4600,46.2400,1.799983
_289_,VPWR,li1,26.6800,35.3600,1.799986
_288_,VPWR,li1,36.3400,35.3600,1.799988
_287_,VPWR,li1,34.5000,19.0400,1.799992
_286_,VPWR,li1,23.4600,19.0400,1.799991
_285_,VPWR,li1,36.3400,13.6000,1.799989
_284_,VPWR,li1,45.5400,19.0400,1.799986
_283_,VPWR,li1,49.6800,13.6000,1.799986
_282_,VPWR,li1,58.8800,19.0400,1.799987
_281_,VPWR,li1,67.6200,13.6000,1.799987
_280_,VPWR,li1,74.9800,19.0400,1.799987
_279_,VPWR,li1,80.9600,24.4800,1.799988
_278_,VPWR,li1,77.2800,35.3600,1.799989
_277_,VPWR,li1,75.9000,24.4800,1.799989
_276_,VPWR,li1,65.3200,29.9200,1.799992
_275_,VPWR,li1,62.1000,24.4800,1.799990
_274_,VPWR,li1,50.6000,29.9200,1.799993
_273_,VPWR,li1,44.1600,24.4800,1.799993
_272_,VPWR,li1,29.9000,24.4800,1.799994
_271_,VPWR,li1,25.7600,24.4800,1.799995
_270_,VPWR,li1,12.4200,24.4800,1.799997
_269_,VPWR,li1,17.4800,35.3600,1.799992
_268_,VPWR,li1,11.5000,35.3600,1.799993
_267_,VPWR,li1,11.2700,51.6800,1.799989
_266_,VPWR,li1,15.8700,46.2400,1.799986
_265_,VPWR,li1,17.0200,46.2400,1.799986
_264_,VPWR,li1,13.8000,46.2400,1.799984
_263_,VPWR,li1,17.7100,62.5600,1.799985
_262_,VPWR,li1,14.4900,62.5600,1.799987
_261_,VPWR,li1,17.0200,68.0000,1.799993
_260_,VPWR,li1,14.7200,68.0000,1.799993
_259_,VPWR,li1,44.3900,73.4400,1.799982
_258_,VPWR,li1,46.6900,73.4400,1.799982
_257_,VPWR,li1,42.3200,78.8800,1.799993
_256_,VPWR,li1,42.3200,73.4400,1.799983
_255_,VPWR,li1,48.5300,84.3200,1.799982
_254_,VPWR,li1,48.0700,89.7600,1.799995
_253_,VPWR,li1,45.5400,84.3200,1.799983
_252_,VPWR,li1,46.0000,89.7600,1.799994
_251_,VPWR,li1,20.4700,29.9200,1.799997
_250_,VPWR,li1,17.7100,24.4800,1.799996
_249_,VPWR,li1,12.8800,29.9200,1.799997
_248_,VPWR,li1,16.5600,29.9200,1.799997
_247_,VPWR,li1,33.3500,84.3200,1.799986
_246_,VPWR,li1,27.3700,89.7600,1.799996
_245_,VPWR,li1,25.7600,89.7600,1.799997
_244_,VPWR,li1,26.6800,84.3200,1.799986
_243_,VPWR,li1,20.4700,78.8800,1.799987
_242_,VPWR,li1,17.2500,78.8800,1.799988
_241_,VPWR,li1,12.8800,78.8800,1.799986
_240_,VPWR,li1,37.2600,51.6800,1.799992
_239_,VPWR,li1,16.5600,73.4400,1.799992
_238_,VPWR,li1,37.0300,24.4800,1.799994
_237_,VPWR,li1,37.9500,24.4800,1.799994
_236_,VPWR,li1,37.2600,29.9200,1.799996
_235_,VPWR,li1,34.9600,29.9200,1.799996
_234_,VPWR,li1,27.8300,13.6000,1.799988
_233_,VPWR,li1,30.1300,13.6000,1.799988
_232_,VPWR,li1,28.9800,19.0400,1.799992
_231_,VPWR,li1,25.7600,19.0400,1.799991
_230_,VPWR,li1,25.7600,35.3600,1.799988
_229_,VPWR,li1,28.0600,35.3600,1.799986
_228_,VPWR,li1,40.0200,46.2400,1.799983
_227_,VPWR,li1,24.8400,51.6800,1.799989
_226_,VPWR,li1,57.9600,73.4400,1.799985
_225_,VPWR,li1,39.1000,62.5600,1.799986
_224_,VPWR,li1,51.5200,68.0000,1.799991
_223_,VPWR,li1,28.0600,68.0000,1.799989
_222_,VPWR,li1,29.9000,46.2400,1.799984
_221_,VPWR,li1,68.5400,62.5600,1.799987
_220_,VPWR,li1,72.2200,73.4400,1.799984
_219_,VPWR,li1,49.6800,51.6800,1.799990
_218_,VPWR,li1,51.0600,29.9200,1.799993
_217_,VPWR,li1,68.5400,24.4800,1.799988
_216_,VPWR,li1,81.4200,46.2400,1.799990
_215_,VPWR,li1,77.7400,35.3600,1.799989
_214_,VPWR,li1,62.5600,51.6800,1.799985
_213_,VPWR,li1,74.9800,13.6000,1.799990
_212_,VPWR,li1,68.5400,35.3600,1.799986
_211_,VPWR,li1,59.3400,13.6000,1.799987
_210_,VPWR,li1,79.5800,57.1200,1.799987
_209_,VPWR,li1,46.4600,19.0400,1.799986
_208_,VPWR,li1,50.6000,40.8000,1.799988
_207_,VPWR,li1,37.2600,35.3600,1.799988
_206_,VPWR,li1,10.5800,46.2400,1.799982
_205_,VPWR,li1,11.9600,62.5600,1.799985
_204_,VPWR,li1,39.5600,78.8800,1.799993
_203_,VPWR,li1,46.0000,84.3200,1.799982
_202_,VPWR,li1,15.6400,29.9200,1.799997
_201_,VPWR,li1,28.0600,84.3200,1.799986
_200_,VPWR,li1,15.6400,78.8800,1.799988
_199_,VPWR,li1,33.5800,24.4800,1.799994
_198_,VPWR,li1,24.3800,13.6000,1.799989
_197_,VPWR,li1,43.4700,46.2400,1.799983
_196_,VPWR,li1,40.7100,51.6800,1.799991
_195_,VPWR,li1,43.2400,46.2400,1.799983
_194_,VPWR,li1,40.4800,40.8000,1.799989
_193_,VPWR,li1,20.4700,57.1200,1.799985
_192_,VPWR,li1,24.6100,57.1200,1.799984
_191_,VPWR,li1,29.4400,57.1200,1.799984
_190_,VPWR,li1,29.4400,51.6800,1.799990
_189_,VPWR,li1,19.5500,35.3600,1.799990
_188_,VPWR,li1,11.9600,35.3600,1.799993
_187_,VPWR,li1,16.7900,35.3600,1.799993
_186_,VPWR,li1,16.7900,40.8000,1.799992
_185_,VPWR,li1,56.3500,84.3200,1.799988
_184_,VPWR,li1,58.6500,78.8800,1.799995
_183_,VPWR,li1,60.7200,78.8800,1.799995
_182_,VPWR,li1,61.6400,73.4400,1.799984
_181_,VPWR,li1,37.0300,57.1200,1.799986
_180_,VPWR,li1,38.8700,68.0000,1.799992
_179_,VPWR,li1,42.3200,68.0000,1.799992
_178_,VPWR,li1,42.7800,62.5600,1.799986
_177_,VPWR,li1,50.3700,73.4400,1.799983
_176_,VPWR,li1,51.7500,68.0000,1.799991
_175_,VPWR,li1,57.0400,68.0000,1.799994
_174_,VPWR,li1,54.7400,68.0000,1.799992
_173_,VPWR,li1,27.8300,68.0000,1.799989
_172_,VPWR,li1,25.5300,68.0000,1.799990
_171_,VPWR,li1,34.0400,68.0000,1.799991
_170_,VPWR,li1,31.7400,68.0000,1.799989
_169_,VPWR,li1,28.7500,40.8000,1.799989
_168_,VPWR,li1,32.4300,46.2400,1.799985
_167_,VPWR,li1,32.6600,40.8000,1.799991
_166_,VPWR,li1,29.9000,46.2400,1.799984
_165_,VPWR,li1,71.9900,62.5600,1.799987
_164_,VPWR,li1,66.9300,62.5600,1.799987
_163_,VPWR,li1,68.0800,68.0000,1.799994
_162_,VPWR,li1,65.7800,68.0000,1.799994
_161_,VPWR,li1,77.5100,73.4400,1.799988
_160_,VPWR,li1,74.7500,73.4400,1.799987
_159_,VPWR,li1,74.0600,78.8800,1.799996
_158_,VPWR,li1,71.7600,78.8800,1.799995
_157_,VPWR,li1,55.4300,57.1200,1.799986
_156_,VPWR,li1,52.6700,57.1200,1.799984
_155_,VPWR,li1,52.4400,51.6800,1.799990
_154_,VPWR,li1,39.5600,51.6800,1.799991
_153_,VPWR,li1,50.6000,57.1200,1.799983
_152_,VPWR,li1,53.1300,24.4800,1.799993
_151_,VPWR,li1,53.5900,29.9200,1.799993
_150_,VPWR,li1,56.1200,29.9200,1.799994
_149_,VPWR,li1,58.8800,29.9200,1.799993
_148_,VPWR,li1,71.9900,24.4800,1.799988
_147_,VPWR,li1,68.3100,24.4800,1.799988
_146_,VPWR,li1,69.4600,29.9200,1.799992
_145_,VPWR,li1,71.7600,29.9200,1.799992
_144_,VPWR,li1,31.7400,35.3600,1.799987
_143_,VPWR,li1,76.1300,51.6800,1.799988
_142_,VPWR,li1,78.4300,46.2400,1.799991
_141_,VPWR,li1,84.1800,46.2400,1.799990
_140_,VPWR,li1,81.4200,46.2400,1.799990
_139_,VPWR,li1,78.8900,29.9200,1.799992
_138_,VPWR,li1,79.3500,29.9200,1.799992
_137_,VPWR,li1,83.2600,35.3600,1.799988
_136_,VPWR,li1,80.9600,35.3600,1.799988
_135_,VPWR,li1,64.1700,57.1200,1.799982
_134_,VPWR,li1,65.0900,51.6800,1.799985
_133_,VPWR,li1,64.8600,46.2400,1.799989
_132_,VPWR,li1,67.6200,51.6800,1.799985
_131_,VPWR,li1,74.2900,19.0400,1.799987
_130_,VPWR,li1,78.4300,19.0400,1.799989
_129_,VPWR,li1,83.2600,19.0400,1.799988
_128_,VPWR,li1,80.9600,19.0400,1.799988
_127_,VPWR,li1,68.3100,40.8000,1.799987
_126_,VPWR,li1,66.4700,40.8000,1.799987
_125_,VPWR,li1,71.3000,35.3600,1.799987
_124_,VPWR,li1,68.0800,35.3600,1.799986
_123_,VPWR,li1,59.1100,13.6000,1.799987
_122_,VPWR,li1,61.8700,13.6000,1.799986
_121_,VPWR,li1,67.1600,19.0400,1.799986
_120_,VPWR,li1,63.0200,19.0400,1.799986
_119_,VPWR,li1,80.2700,62.5600,1.799987
_118_,VPWR,li1,82.5700,62.5600,1.799987
_117_,VPWR,li1,81.8800,51.6800,1.799987
_116_,VPWR,li1,81.8800,51.6800,1.799987
_115_,VPWR,li1,42.5500,13.6000,1.799986
_114_,VPWR,li1,43.4700,19.0400,1.799987
_113_,VPWR,li1,51.9800,19.0400,1.799987
_112_,VPWR,li1,45.5400,29.9200,1.799993
_111_,VPWR,li1,49.6800,19.0400,1.799986
_110_,VPWR,li1,54.0500,46.2400,1.799987
_109_,VPWR,li1,53.1300,40.8000,1.799989
_108_,VPWR,li1,50.1400,35.3600,1.799988
_107_,VPWR,li1,55.2000,40.8000,1.799990
_106_,VPWR,li1,42.5500,35.3600,1.799986
_105_,VPWR,li1,40.7100,40.8000,1.799989
_104_,VPWR,li1,39.1000,40.8000,1.799989
_103_,VPWR,li1,40.4800,35.3600,1.799986
_102_,VPWR,li1,44.1600,29.9200,1.799993
