
===========================================================================
 report_power
============================================================================
======================= Fastest Corner ===================================

Group                  Internal  Switching    Leakage      Total
                          Power      Power      Power      Power (Watts)
----------------------------------------------------------------
Sequential             1.04e-04   8.06e-05   1.90e-07   1.85e-04  41.5%
Combinational          1.45e-04   1.17e-04   1.08e-09   2.61e-04  58.5%
Clock                  0.00e+00   0.00e+00   6.76e-10   6.76e-10   0.0%
Macro                  0.00e+00   0.00e+00   0.00e+00   0.00e+00   0.0%
Pad                    0.00e+00   0.00e+00   0.00e+00   0.00e+00   0.0%
----------------------------------------------------------------
Total                  2.49e-04   1.97e-04   1.92e-07   4.46e-04 100.0%
                          55.8%      44.2%       0.0%

======================= Slowest Corner ===================================

Group                  Internal  Switching    Leakage      Total
                          Power      Power      Power      Power (Watts)
----------------------------------------------------------------
Sequential             7.26e-05   5.35e-05   1.20e-06   1.27e-04  40.7%
Combinational          1.09e-04   7.52e-05   1.21e-06   1.85e-04  59.3%
Clock                  0.00e+00   0.00e+00   6.76e-10   6.76e-10   0.0%
Macro                  0.00e+00   0.00e+00   0.00e+00   0.00e+00   0.0%
Pad                    0.00e+00   0.00e+00   0.00e+00   0.00e+00   0.0%
----------------------------------------------------------------
Total                  1.81e-04   1.29e-04   2.42e-06   3.12e-04 100.0%
                          58.0%      41.2%       0.8%

======================= Typical Corner ===================================

Group                  Internal  Switching    Leakage      Total
                          Power      Power      Power      Power (Watts)
----------------------------------------------------------------
Sequential             9.18e-05   6.84e-05   1.90e-07   1.60e-04  41.0%
Combinational          1.33e-04   9.81e-05   9.59e-10   2.31e-04  59.0%
Clock                  0.00e+00   0.00e+00   6.76e-10   6.76e-10   0.0%
Macro                  0.00e+00   0.00e+00   0.00e+00   0.00e+00   0.0%
Pad                    0.00e+00   0.00e+00   0.00e+00   0.00e+00   0.0%
----------------------------------------------------------------
Total                  2.24e-04   1.67e-04   1.92e-07   3.91e-04 100.0%
                          57.4%      42.6%       0.0%

