
===========================================================================
report_checks -unconstrained
===========================================================================
======================= Typical Corner ===================================

Startpoint: x (input port clocked by __VIRTUAL_CLK__)
Endpoint: _289_ (rising edge-triggered flip-flop)
Path Group: unconstrained
Path Type: max

Fanout     Cap    Slew   Delay    Time   Description
-----------------------------------------------------------------------------
                          2.00    2.00 ^ input external delay
     1    0.00    0.03    0.02    2.02 ^ x (in)
                                         x (net)
                  0.03    0.00    2.02 ^ _229_/A (sky130_fd_sc_hd__buf_1)
    10    0.03    0.33    0.28    2.30 ^ _229_/X (sky130_fd_sc_hd__buf_1)
                                         _000_ (net)
                  0.33    0.00    2.30 ^ _240_/A (sky130_fd_sc_hd__buf_1)
    10    0.06    0.66    0.59    2.89 ^ _240_/X (sky130_fd_sc_hd__buf_1)
                                         _009_ (net)
                  0.66    0.00    2.89 ^ _104_/A (sky130_fd_sc_hd__nand3_2)
     2    0.01    0.15    0.14    3.03 v _104_/Y (sky130_fd_sc_hd__nand3_2)
                                         _032_ (net)
                  0.15    0.00    3.03 v _105_/B (sky130_fd_sc_hd__nand2_2)
     1    0.01    0.07    0.13    3.16 ^ _105_/Y (sky130_fd_sc_hd__nand2_2)
                                         _033_ (net)
                  0.07    0.00    3.16 ^ _106_/B (sky130_fd_sc_hd__xnor2_2)
     1    0.00    0.11    0.11    3.27 ^ _106_/Y (sky130_fd_sc_hd__xnor2_2)
                                         dsa[10].y_out_next (net)
                  0.11    0.00    3.27 ^ _289_/D (sky130_fd_sc_hd__dfrtp_2)
                                  3.27   data arrival time
-----------------------------------------------------------------------------
(Path is unconstrained)




===========================================================================
report_checks --slack_max -0.01
============================================================================
======================= Typical Corner ===================================

No paths found.


===========================================================================
 report_check_types -max_slew -max_cap -max_fanout -violators
============================================================================
======================= Typical Corner ===================================

max slew

Pin                                    Limit    Slew   Slack
------------------------------------------------------------
_308_/RESET_B                           0.75    1.24   -0.49 (VIOLATED)
_296_/RESET_B                           0.75    1.24   -0.49 (VIOLATED)
_310_/RESET_B                           0.75    1.24   -0.49 (VIOLATED)
_295_/RESET_B                           0.75    1.24   -0.49 (VIOLATED)
_309_/RESET_B                           0.75    1.24   -0.49 (VIOLATED)
_304_/RESET_B                           0.75    1.24   -0.49 (VIOLATED)
_311_/RESET_B                           0.75    1.24   -0.49 (VIOLATED)
_299_/RESET_B                           0.75    1.24   -0.49 (VIOLATED)
_293_/RESET_B                           0.75    1.24   -0.49 (VIOLATED)
_307_/RESET_B                           0.75    1.24   -0.49 (VIOLATED)
_297_/RESET_B                           0.75    1.24   -0.49 (VIOLATED)
_300_/RESET_B                           0.75    1.24   -0.49 (VIOLATED)
_298_/RESET_B                           0.75    1.24   -0.49 (VIOLATED)
_294_/RESET_B                           0.75    1.24   -0.49 (VIOLATED)
_312_/RESET_B                           0.75    1.24   -0.49 (VIOLATED)
_313_/RESET_B                           0.75    1.24   -0.49 (VIOLATED)
_322_/RESET_B                           0.75    1.24   -0.49 (VIOLATED)
_314_/RESET_B                           0.75    1.24   -0.49 (VIOLATED)
_315_/RESET_B                           0.75    1.24   -0.49 (VIOLATED)
_316_/RESET_B                           0.75    1.24   -0.49 (VIOLATED)
_305_/RESET_B                           0.75    1.24   -0.49 (VIOLATED)
_303_/RESET_B                           0.75    1.24   -0.49 (VIOLATED)
_301_/RESET_B                           0.75    1.24   -0.49 (VIOLATED)
_302_/RESET_B                           0.75    1.24   -0.49 (VIOLATED)
_306_/RESET_B                           0.75    1.24   -0.49 (VIOLATED)
_326_/RESET_B                           0.75    1.24   -0.49 (VIOLATED)
_274_/RESET_B                           0.75    1.24   -0.49 (VIOLATED)
_323_/RESET_B                           0.75    1.24   -0.49 (VIOLATED)
_324_/RESET_B                           0.75    1.24   -0.49 (VIOLATED)
_317_/RESET_B                           0.75    1.24   -0.49 (VIOLATED)
_318_/RESET_B                           0.75    1.24   -0.49 (VIOLATED)
_276_/RESET_B                           0.75    1.24   -0.49 (VIOLATED)
_329_/RESET_B                           0.75    1.24   -0.49 (VIOLATED)
_330_/RESET_B                           0.75    1.24   -0.49 (VIOLATED)
_331_/RESET_B                           0.75    1.24   -0.49 (VIOLATED)
_327_/RESET_B                           0.75    1.24   -0.49 (VIOLATED)
_268_/RESET_B                           0.75    1.24   -0.49 (VIOLATED)
_290_/RESET_B                           0.75    1.24   -0.49 (VIOLATED)
_291_/RESET_B                           0.75    1.24   -0.49 (VIOLATED)
_292_/RESET_B                           0.75    1.24   -0.49 (VIOLATED)
_269_/RESET_B                           0.75    1.24   -0.49 (VIOLATED)
_328_/RESET_B                           0.75    1.24   -0.49 (VIOLATED)
_289_/RESET_B                           0.75    1.24   -0.49 (VIOLATED)
_288_/RESET_B                           0.75    1.24   -0.49 (VIOLATED)
_325_/RESET_B                           0.75    1.24   -0.49 (VIOLATED)
_321_/RESET_B                           0.75    1.24   -0.49 (VIOLATED)
_319_/RESET_B                           0.75    1.24   -0.49 (VIOLATED)
_320_/RESET_B                           0.75    1.24   -0.49 (VIOLATED)
_270_/RESET_B                           0.75    1.24   -0.49 (VIOLATED)
_271_/RESET_B                           0.75    1.24   -0.49 (VIOLATED)
_272_/RESET_B                           0.75    1.24   -0.49 (VIOLATED)
_278_/RESET_B                           0.75    1.24   -0.49 (VIOLATED)
_286_/RESET_B                           0.75    1.24   -0.49 (VIOLATED)
_287_/RESET_B                           0.75    1.24   -0.49 (VIOLATED)
_285_/RESET_B                           0.75    1.24   -0.49 (VIOLATED)
_277_/RESET_B                           0.75    1.24   -0.49 (VIOLATED)
_279_/RESET_B                           0.75    1.24   -0.49 (VIOLATED)
_273_/RESET_B                           0.75    1.24   -0.49 (VIOLATED)
_284_/RESET_B                           0.75    1.24   -0.49 (VIOLATED)
_283_/RESET_B                           0.75    1.24   -0.49 (VIOLATED)
_275_/RESET_B                           0.75    1.24   -0.49 (VIOLATED)
_282_/RESET_B                           0.75    1.24   -0.49 (VIOLATED)
_281_/RESET_B                           0.75    1.24   -0.49 (VIOLATED)
_280_/RESET_B                           0.75    1.24   -0.49 (VIOLATED)
rst                                     0.75    1.24   -0.49 (VIOLATED)

max fanout

Pin                                   Limit Fanout  Slack
---------------------------------------------------------
clk                                      10     64    -54 (VIOLATED)
rst                                      10     64    -54 (VIOLATED)


max slew violations count Typical: 65
max fanout violations count Typical: 2
max cap violations count Typical: 0

===========================================================================
report_parasitic_annotation -report_unannotated
============================================================================
Found 0 unannotated drivers.
Found 0 partially unannotated drivers.

===========================================================================
max slew violation count 65
max fanout violation count 2
max cap violation count 0
============================================================================

===========================================================================
check_setup -verbose -unconstrained_endpoints -multiple_clock -no_clock -no_input_delay -loops -generated_clocks
===========================================================================
Warning: There are 64 unclocked register/latch pins.
  _268_/CLK
  _269_/CLK
  _270_/CLK
  _271_/CLK
  _272_/CLK
  _273_/CLK
  _274_/CLK
  _275_/CLK
  _276_/CLK
  _277_/CLK
  _278_/CLK
  _279_/CLK
  _280_/CLK
  _281_/CLK
  _282_/CLK
  _283_/CLK
  _284_/CLK
  _285_/CLK
  _286_/CLK
  _287_/CLK
  _288_/CLK
  _289_/CLK
  _290_/CLK
  _291_/CLK
  _292_/CLK
  _293_/CLK
  _294_/CLK
  _295_/CLK
  _296_/CLK
  _297_/CLK
  _298_/CLK
  _299_/CLK
  _300_/CLK
  _301_/CLK
  _302_/CLK
  _303_/CLK
  _304_/CLK
  _305_/CLK
  _306_/CLK
  _307_/CLK
  _308_/CLK
  _309_/CLK
  _310_/CLK
  _311_/CLK
  _312_/CLK
  _313_/CLK
  _314_/CLK
  _315_/CLK
  _316_/CLK
  _317_/CLK
  _318_/CLK
  _319_/CLK
  _320_/CLK
  _321_/CLK
  _322_/CLK
  _323_/CLK
  _324_/CLK
  _325_/CLK
  _326_/CLK
  _327_/CLK
  _328_/CLK
  _329_/CLK
  _330_/CLK
  _331_/CLK
Warning: There are 65 unconstrained endpoints.
  y
  _268_/D
  _269_/D
  _270_/D
  _271_/D
  _272_/D
  _273_/D
  _274_/D
  _275_/D
  _276_/D
  _277_/D
  _278_/D
  _279_/D
  _280_/D
  _281_/D
  _282_/D
  _283_/D
  _284_/D
  _285_/D
  _286_/D
  _287_/D
  _288_/D
  _289_/D
  _290_/D
  _291_/D
  _292_/D
  _293_/D
  _294_/D
  _295_/D
  _296_/D
  _297_/D
  _298_/D
  _299_/D
  _300_/D
  _301_/D
  _302_/D
  _303_/D
  _304_/D
  _305_/D
  _306_/D
  _307_/D
  _308_/D
  _309_/D
  _310_/D
  _311_/D
  _312_/D
  _313_/D
  _314_/D
  _315_/D
  _316_/D
  _317_/D
  _318_/D
  _319_/D
  _320_/D
  _321_/D
  _322_/D
  _323_/D
  _324_/D
  _325_/D
  _326_/D
  _327_/D
  _328_/D
  _329_/D
  _330_/D
  _331_/D
