
===========================================================================
report_checks -unconstrained
===========================================================================
======================= Fastest Corner ===================================

Startpoint: x (input port clocked by __VIRTUAL_CLK__)
Endpoint: _307_ (rising edge-triggered flip-flop)
Path Group: unconstrained
Path Type: max
Corner: Fastest

Fanout     Cap    Slew   Delay    Time   Description
-----------------------------------------------------------------------------
                          2.00    2.00 ^ input external delay
     1    0.01    0.02    0.01    2.01 ^ x (in)
                                         x (net)
                  0.02    0.00    2.01 ^ _229_/A (sky130_fd_sc_hd__buf_2)
    10    0.03    0.12    0.14    2.15 ^ _229_/X (sky130_fd_sc_hd__buf_2)
                                         _000_ (net)
                  0.12    0.00    2.15 ^ _144_/A (sky130_fd_sc_hd__clkbuf_4)
    10    0.04    0.11    0.18    2.33 ^ _144_/X (sky130_fd_sc_hd__clkbuf_4)
                                         _062_ (net)
                  0.11    0.00    2.33 ^ _174_/A1 (sky130_fd_sc_hd__a21o_1)
     2    0.01    0.05    0.09    2.42 ^ _174_/X (sky130_fd_sc_hd__a21o_1)
                                         _085_ (net)
                  0.05    0.00    2.42 ^ _176_/A (sky130_fd_sc_hd__nand2_1)
     1    0.00    0.03    0.04    2.46 v _176_/Y (sky130_fd_sc_hd__nand2_1)
                                         _087_ (net)
                  0.03    0.00    2.46 v _177_/B (sky130_fd_sc_hd__xnor2_1)
     1    0.01    0.12    0.12    2.57 ^ _177_/Y (sky130_fd_sc_hd__xnor2_1)
                                         dsa[19].y_out_next (net)
                  0.12    0.00    2.57 ^ _307_/D (sky130_fd_sc_hd__dfrtp_1)
                                  2.57   data arrival time
-----------------------------------------------------------------------------
(Path is unconstrained)



======================= Slowest Corner ===================================

Startpoint: x (input port clocked by __VIRTUAL_CLK__)
Endpoint: _307_ (rising edge-triggered flip-flop)
Path Group: unconstrained
Path Type: max
Corner: Slowest

Fanout     Cap    Slew   Delay    Time   Description
-----------------------------------------------------------------------------
                          2.00    2.00 ^ input external delay
     1    0.01    0.05    0.03    2.03 ^ x (in)
                                         x (net)
                  0.05    0.00    2.03 ^ _229_/A (sky130_fd_sc_hd__buf_2)
    10    0.03    0.25    0.34    2.37 ^ _229_/X (sky130_fd_sc_hd__buf_2)
                                         _000_ (net)
                  0.25    0.00    2.37 ^ _144_/A (sky130_fd_sc_hd__clkbuf_4)
    10    0.04    0.22    0.47    2.83 ^ _144_/X (sky130_fd_sc_hd__clkbuf_4)
                                         _062_ (net)
                  0.22    0.00    2.84 ^ _174_/A1 (sky130_fd_sc_hd__a21o_1)
     2    0.01    0.10    0.31    3.14 ^ _174_/X (sky130_fd_sc_hd__a21o_1)
                                         _085_ (net)
                  0.10    0.00    3.14 ^ _176_/A (sky130_fd_sc_hd__nand2_1)
     1    0.00    0.10    0.14    3.28 v _176_/Y (sky130_fd_sc_hd__nand2_1)
                                         _087_ (net)
                  0.10    0.00    3.28 v _177_/B (sky130_fd_sc_hd__xnor2_1)
     1    0.01    0.26    0.30    3.58 ^ _177_/Y (sky130_fd_sc_hd__xnor2_1)
                                         dsa[19].y_out_next (net)
                  0.26    0.00    3.58 ^ _307_/D (sky130_fd_sc_hd__dfrtp_1)
                                  3.58   data arrival time
-----------------------------------------------------------------------------
(Path is unconstrained)



======================= Typical Corner ===================================

Startpoint: x (input port clocked by __VIRTUAL_CLK__)
Endpoint: _307_ (rising edge-triggered flip-flop)
Path Group: unconstrained
Path Type: max
Corner: Typical

Fanout     Cap    Slew   Delay    Time   Description
-----------------------------------------------------------------------------
                          2.00    2.00 ^ input external delay
     1    0.01    0.03    0.02    2.02 ^ x (in)
                                         x (net)
                  0.03    0.00    2.02 ^ _229_/A (sky130_fd_sc_hd__buf_2)
    10    0.03    0.16    0.19    2.21 ^ _229_/X (sky130_fd_sc_hd__buf_2)
                                         _000_ (net)
                  0.16    0.00    2.21 ^ _144_/A (sky130_fd_sc_hd__clkbuf_4)
    10    0.04    0.14    0.26    2.47 ^ _144_/X (sky130_fd_sc_hd__clkbuf_4)
                                         _062_ (net)
                  0.14    0.00    2.47 ^ _174_/A1 (sky130_fd_sc_hd__a21o_1)
     2    0.01    0.06    0.15    2.63 ^ _174_/X (sky130_fd_sc_hd__a21o_1)
                                         _085_ (net)
                  0.06    0.00    2.63 ^ _176_/A (sky130_fd_sc_hd__nand2_1)
     1    0.00    0.05    0.06    2.69 v _176_/Y (sky130_fd_sc_hd__nand2_1)
                                         _087_ (net)
                  0.05    0.00    2.69 v _177_/B (sky130_fd_sc_hd__xnor2_1)
     1    0.01    0.16    0.17    2.86 ^ _177_/Y (sky130_fd_sc_hd__xnor2_1)
                                         dsa[19].y_out_next (net)
                  0.16    0.00    2.86 ^ _307_/D (sky130_fd_sc_hd__dfrtp_1)
                                  2.86   data arrival time
-----------------------------------------------------------------------------
(Path is unconstrained)




===========================================================================
report_checks --slack_max -0.01
============================================================================
======================= Fastest Corner ===================================

No paths found.

======================= Slowest Corner ===================================

No paths found.

======================= Typical Corner ===================================

No paths found.


===========================================================================
 report_check_types -max_slew -max_cap -max_fanout -violators
============================================================================
======================= Fastest Corner ===================================


max slew violations count Fastest: 0
max fanout violations count Fastest: 0
max cap violations count Fastest: 0
======================= Slowest Corner ===================================


max slew violations count Slowest: 0
max fanout violations count Slowest: 0
max cap violations count Slowest: 0
======================= Typical Corner ===================================


max slew violations count Typical: 0
max fanout violations count Typical: 0
max cap violations count Typical: 0

===========================================================================
report_parasitic_annotation -report_unannotated
============================================================================
Found 0 unannotated drivers.
Found 0 partially unannotated drivers.

===========================================================================
max slew violation count 0
max fanout violation count 0
max cap violation count 0
============================================================================

===========================================================================
check_setup -verbose -unconstrained_endpoints -multiple_clock -no_clock -no_input_delay -loops -generated_clocks
===========================================================================
Warning: There are 64 unclocked register/latch pins.
  _268_/CLK
  _269_/CLK
  _270_/CLK
  _271_/CLK
  _272_/CLK
  _273_/CLK
  _274_/CLK
  _275_/CLK
  _276_/CLK
  _277_/CLK
  _278_/CLK
  _279_/CLK
  _280_/CLK
  _281_/CLK
  _282_/CLK
  _283_/CLK
  _284_/CLK
  _285_/CLK
  _286_/CLK
  _287_/CLK
  _288_/CLK
  _289_/CLK
  _290_/CLK
  _291_/CLK
  _292_/CLK
  _293_/CLK
  _294_/CLK
  _295_/CLK
  _296_/CLK
  _297_/CLK
  _298_/CLK
  _299_/CLK
  _300_/CLK
  _301_/CLK
  _302_/CLK
  _303_/CLK
  _304_/CLK
  _305_/CLK
  _306_/CLK
  _307_/CLK
  _308_/CLK
  _309_/CLK
  _310_/CLK
  _311_/CLK
  _312_/CLK
  _313_/CLK
  _314_/CLK
  _315_/CLK
  _316_/CLK
  _317_/CLK
  _318_/CLK
  _319_/CLK
  _320_/CLK
  _321_/CLK
  _322_/CLK
  _323_/CLK
  _324_/CLK
  _325_/CLK
  _326_/CLK
  _327_/CLK
  _328_/CLK
  _329_/CLK
  _330_/CLK
  _331_/CLK
Warning: There are 65 unconstrained endpoints.
  y
  _268_/D
  _269_/D
  _270_/D
  _271_/D
  _272_/D
  _273_/D
  _274_/D
  _275_/D
  _276_/D
  _277_/D
  _278_/D
  _279_/D
  _280_/D
  _281_/D
  _282_/D
  _283_/D
  _284_/D
  _285_/D
  _286_/D
  _287_/D
  _288_/D
  _289_/D
  _290_/D
  _291_/D
  _292_/D
  _293_/D
  _294_/D
  _295_/D
  _296_/D
  _297_/D
  _298_/D
  _299_/D
  _300_/D
  _301_/D
  _302_/D
  _303_/D
  _304_/D
  _305_/D
  _306_/D
  _307_/D
  _308_/D
  _309_/D
  _310_/D
  _311_/D
  _312_/D
  _313_/D
  _314_/D
  _315_/D
  _316_/D
  _317_/D
  _318_/D
  _319_/D
  _320_/D
  _321_/D
  _322_/D
  _323_/D
  _324_/D
  _325_/D
  _326_/D
  _327_/D
  _328_/D
  _329_/D
  _330_/D
  _331_/D
