
===========================================================================
 report_power
============================================================================
======================= Fastest Corner ===================================

Group                  Internal  Switching    Leakage      Total
                          Power      Power      Power      Power (Watts)
----------------------------------------------------------------
Sequential             1.05e-04   7.75e-05   1.90e-07   1.83e-04  41.7%
Combinational          1.44e-04   1.11e-04   1.08e-09   2.56e-04  58.3%
Clock                  0.00e+00   0.00e+00   6.76e-10   6.76e-10   0.0%
Macro                  0.00e+00   0.00e+00   0.00e+00   0.00e+00   0.0%
Pad                    0.00e+00   0.00e+00   0.00e+00   0.00e+00   0.0%
----------------------------------------------------------------
Total                  2.50e-04   1.89e-04   1.92e-07   4.38e-04 100.0%
                          56.9%      43.0%       0.0%

======================= Slowest Corner ===================================

Group                  Internal  Switching    Leakage      Total
                          Power      Power      Power      Power (Watts)
----------------------------------------------------------------
Sequential             7.31e-05   5.14e-05   1.20e-06   1.26e-04  40.9%
Combinational          1.09e-04   7.16e-05   1.21e-06   1.82e-04  59.1%
Clock                  0.00e+00   0.00e+00   6.76e-10   6.76e-10   0.0%
Macro                  0.00e+00   0.00e+00   0.00e+00   0.00e+00   0.0%
Pad                    0.00e+00   0.00e+00   0.00e+00   0.00e+00   0.0%
----------------------------------------------------------------
Total                  1.82e-04   1.23e-04   2.42e-06   3.07e-04 100.0%
                          59.2%      40.0%       0.8%

======================= Typical Corner ===================================

Group                  Internal  Switching    Leakage      Total
                          Power      Power      Power      Power (Watts)
----------------------------------------------------------------
Sequential             9.24e-05   6.58e-05   1.90e-07   1.58e-04  41.2%
Combinational          1.33e-04   9.36e-05   9.59e-10   2.26e-04  58.8%
Clock                  0.00e+00   0.00e+00   6.76e-10   6.76e-10   0.0%
Macro                  0.00e+00   0.00e+00   0.00e+00   0.00e+00   0.0%
Pad                    0.00e+00   0.00e+00   0.00e+00   0.00e+00   0.0%
----------------------------------------------------------------
Total                  2.25e-04   1.59e-04   1.92e-07   3.84e-04 100.0%
                          58.5%      41.4%       0.0%

