
===========================================================================
 report_power
============================================================================
======================= Fastest Corner ===================================

Group                  Internal  Switching    Leakage      Total
                          Power      Power      Power      Power (Watts)
----------------------------------------------------------------
Sequential             1.05e-04   7.90e-05   1.90e-07   1.84e-04  41.6%
Combinational          1.45e-04   1.14e-04   1.08e-09   2.58e-04  58.4%
Clock                  0.00e+00   0.00e+00   6.76e-10   6.76e-10   0.0%
Macro                  0.00e+00   0.00e+00   0.00e+00   0.00e+00   0.0%
Pad                    0.00e+00   0.00e+00   0.00e+00   0.00e+00   0.0%
----------------------------------------------------------------
Total                  2.49e-04   1.93e-04   1.92e-07   4.42e-04 100.0%
                          56.3%      43.6%       0.0%

======================= Slowest Corner ===================================

Group                  Internal  Switching    Leakage      Total
                          Power      Power      Power      Power (Watts)
----------------------------------------------------------------
Sequential             7.28e-05   5.24e-05   1.20e-06   1.26e-04  40.8%
Combinational          1.09e-04   7.35e-05   1.21e-06   1.83e-04  59.2%
Clock                  0.00e+00   0.00e+00   6.76e-10   6.76e-10   0.0%
Macro                  0.00e+00   0.00e+00   0.00e+00   0.00e+00   0.0%
Pad                    0.00e+00   0.00e+00   0.00e+00   0.00e+00   0.0%
----------------------------------------------------------------
Total                  1.82e-04   1.26e-04   2.42e-06   3.10e-04 100.0%
                          58.6%      40.6%       0.8%

======================= Typical Corner ===================================

Group                  Internal  Switching    Leakage      Total
                          Power      Power      Power      Power (Watts)
----------------------------------------------------------------
Sequential             9.21e-05   6.71e-05   1.90e-07   1.59e-04  41.1%
Combinational          1.33e-04   9.60e-05   9.59e-10   2.29e-04  58.9%
Clock                  0.00e+00   0.00e+00   6.76e-10   6.76e-10   0.0%
Macro                  0.00e+00   0.00e+00   0.00e+00   0.00e+00   0.0%
Pad                    0.00e+00   0.00e+00   0.00e+00   0.00e+00   0.0%
----------------------------------------------------------------
Total                  2.25e-04   1.63e-04   1.92e-07   3.88e-04 100.0%
                          57.9%      42.0%       0.0%

