Sun Mar 23 08:28:36 +0000 2025 - Executing "{openroad -exit -no_init -python /openlane/scripts/odbpy/lefutil.py get_metal_layers -o /openlane/designs/spm/runs/run4/tmp/layers.list /home/tirtha/.volare/sky130A/libs.ref/sky130_fd_sc_hd/techlef/sky130_fd_sc_hd__nom.tlef}"

Sun Mar 23 08:28:37 +0000 2025 - Executing "{/openlane/scripts/mergeLef.py -o /openlane/designs/spm/runs/run4/tmp/merged.nom.lef -i /home/tirtha/.volare/sky130A/libs.ref/sky130_fd_sc_hd/techlef/sky130_fd_sc_hd__nom.tlef {/home/tirtha/.volare/sky130A/libs.ref/sky130_fd_sc_hd/lef/sky130_ef_sc_hd.lef /home/tirtha/.volare/sky130A/libs.ref/sky130_fd_sc_hd/lef/sky130_fd_sc_hd.lef} |& tee /dev/null}"

Sun Mar 23 08:28:37 +0000 2025 - Executing "{/openlane/scripts/mergeLef.py -o /openlane/designs/spm/runs/run4/tmp/merged.min.lef -i /home/tirtha/.volare/sky130A/libs.ref/sky130_fd_sc_hd/techlef/sky130_fd_sc_hd__min.tlef {/home/tirtha/.volare/sky130A/libs.ref/sky130_fd_sc_hd/lef/sky130_ef_sc_hd.lef /home/tirtha/.volare/sky130A/libs.ref/sky130_fd_sc_hd/lef/sky130_fd_sc_hd.lef} |& tee /dev/null}"

Sun Mar 23 08:28:37 +0000 2025 - Executing "{/openlane/scripts/mergeLef.py -o /openlane/designs/spm/runs/run4/tmp/merged.max.lef -i /home/tirtha/.volare/sky130A/libs.ref/sky130_fd_sc_hd/techlef/sky130_fd_sc_hd__max.tlef {/home/tirtha/.volare/sky130A/libs.ref/sky130_fd_sc_hd/lef/sky130_ef_sc_hd.lef /home/tirtha/.volare/sky130A/libs.ref/sky130_fd_sc_hd/lef/sky130_fd_sc_hd.lef} |& tee /dev/null}"

Sun Mar 23 08:28:37 +0000 2025 - Executing "{python3 /openlane/scripts/mergeLib.py --output /openlane/designs/spm/runs/run4/tmp/synthesis/merged.lib --name sky130A_merged /home/tirtha/.volare/sky130A/libs.ref/sky130_fd_sc_hd/lib/sky130_fd_sc_hd__tt_025C_1v80.lib}"

Sun Mar 23 08:28:37 +0000 2025 - Executing "{python3 /openlane/scripts/libtrim.py --cell-file /openlane/designs/spm/runs/run4/tmp/synthesis/trimmed.lib.exclude.list --output /openlane/designs/spm/runs/run4/tmp/synthesis/trimmed.lib /openlane/designs/spm/runs/run4/tmp/synthesis/merged.lib}"

Sun Mar 23 08:28:37 +0000 2025 - Executing "{python3 /openlane/scripts/libtrim.py --cell-file /openlane/designs/spm/runs/run4/tmp/cts/cts.lib.exclude.list --output /openlane/designs/spm/runs/run4/tmp/cts/cts.lib /home/tirtha/.volare/sky130A/libs.ref/sky130_fd_sc_hd/lib/sky130_fd_sc_hd__tt_025C_1v80.lib}"

Sun Mar 23 08:28:38 +0000 2025 - Executing "{python3 /openlane/scripts/libtrim.py --cell-file /openlane/designs/spm/runs/run4/tmp/cts/cts-fastest.lib.exclude.list --output /openlane/designs/spm/runs/run4/tmp/cts/cts-fastest.lib /home/tirtha/.volare/sky130A/libs.ref/sky130_fd_sc_hd/lib/sky130_fd_sc_hd__ff_n40C_1v95.lib}"

Sun Mar 23 08:28:38 +0000 2025 - Executing "{python3 /openlane/scripts/libtrim.py --cell-file /openlane/designs/spm/runs/run4/tmp/cts/cts-slowest.lib.exclude.list --output /openlane/designs/spm/runs/run4/tmp/cts/cts-slowest.lib /home/tirtha/.volare/sky130A/libs.ref/sky130_fd_sc_hd/lib/sky130_fd_sc_hd__ss_100C_1v60.lib}"

Sun Mar 23 08:28:38 +0000 2025 - Executing "{python3 /openlane/scripts/new_tracks.py -i /home/tirtha/.volare/sky130A/libs.tech/openlane/sky130_fd_sc_hd/tracks.info -o /openlane/designs/spm/runs/run4/tmp/routing/config.tracks}"

Sun Mar 23 08:28:38 +0000 2025 - Executing "{echo {OpenLane e73fb3c57e687a0023fcd4dcfd1566ecd478362a} > /openlane/designs/spm/runs/run4/OPENLANE_COMMIT}"

Sun Mar 23 08:28:38 +0000 2025 - Executing "{yosys -c /openlane/scripts/yosys/blackbox.tcl}"

Sun Mar 23 08:28:38 +0000 2025 - Executing "{verilator -Wall --lint-only --Wno-DECLFILENAME --top-module spm /openlane/designs/spm/runs/run4/tmp/synthesis/blackbox/sky130_fd_sc_hd__blackbox.v /openlane/designs/spm/src/spm.v -Wno-fatal --relative-includes |& tee /openlane/designs/spm/runs/run4/logs/synthesis/linter.log /dev/null}"

Sun Mar 23 08:28:39 +0000 2025 - Executing "{sed -E {s/^([[:space:]]+)pg_pin(.*)/\1pin\2\n\1    direction : "inout";/g} /home/tirtha/.volare/sky130A/libs.ref/sky130_fd_sc_hd/lib/sky130_fd_sc_hd__tt_025C_1v80.lib > /openlane/designs/spm/runs/run4/tmp/synthesis/1-sky130_fd_sc_hd__tt_025C_1v80.no_pg.lib}"

Sun Mar 23 08:28:39 +0000 2025 - Executing "{sed -E {s/^([[:space:]]+)pg_pin(.*)/\1pin\2\n\1    direction : "inout";/g} /openlane/designs/spm/runs/run4/tmp/synthesis/trimmed.lib > /openlane/designs/spm/runs/run4/tmp/synthesis/1-trimmed.no_pg.lib}"

Sun Mar 23 08:28:39 +0000 2025 - Executing "yosys -c /openlane/scripts/yosys/synth.tcl |& tee /dev/null /openlane/designs/spm/runs/run4/logs/synthesis/1-synthesis.log"

Sun Mar 23 08:28:39 +0000 2025 - Executing "{yosys -c /openlane/scripts/yosys/synth.tcl |& tee /dev/null /openlane/designs/spm/runs/run4/logs/synthesis/1-synthesis.log}"

Sun Mar 23 08:28:39 +0000 2025 - Executing "{sed -i.bak -e {s/\(set ::env(CURRENT_NETLIST)\).*/\1 \/openlane\/designs\/spm\/runs\/run4\/results\/synthesis\/spm.v/} /openlane/designs/spm/runs/run4/config.tcl}"

Sun Mar 23 08:28:39 +0000 2025 - Executing "{sed -i.bak /defparam/d /openlane/designs/spm/runs/run4/results/synthesis/spm.v}"

Sun Mar 23 08:28:40 +0000 2025 - Executing "sta -exit -no_init /openlane/scripts/openroad/sta/multi_corner.tcl |& tee /dev/null /openlane/designs/spm/runs/run4/logs/synthesis/2-sta.log"

Sun Mar 23 08:28:40 +0000 2025 - Executing "{sta -exit -no_init /openlane/scripts/openroad/sta/multi_corner.tcl |& tee /dev/null /openlane/designs/spm/runs/run4/logs/synthesis/2-sta.log}"

Sun Mar 23 08:28:40 +0000 2025 - Executing "openroad -exit /openlane/scripts/openroad/floorplan.tcl |& tee /dev/null /openlane/designs/spm/runs/run4/logs/floorplan/3-initial_fp.log"

Sun Mar 23 08:28:40 +0000 2025 - Executing "{openroad -exit /openlane/scripts/openroad/floorplan.tcl |& tee /dev/null /openlane/designs/spm/runs/run4/logs/floorplan/3-initial_fp.log}"

Sun Mar 23 08:28:40 +0000 2025 - Executing "{openroad -exit -no_init -python /openlane/scripts/odbpy/snap_to_grid.py --output /openlane/designs/spm/runs/run4/tmp/floorplan/3-minimized_pdn.txt --input-lef /openlane/designs/spm/runs/run4/tmp/merged.nom.lef 10.1775 9.860000000000001 20.355 19.720000000000002}"

Sun Mar 23 08:28:41 +0000 2025 - Executing "{openroad -exit -no_init -python /openlane/scripts/odbpy/defutil.py extract_core_dims --output-data /openlane/designs/spm/runs/run4/tmp/dimensions.txt --input-lef /openlane/designs/spm/runs/run4/tmp/merged.nom.lef /openlane/designs/spm/runs/run4/tmp/floorplan/3-initial_fp.def}"

Sun Mar 23 08:28:41 +0000 2025 - Executing "openroad -exit /openlane/scripts/openroad/ioplacer.tcl |& tee /dev/null /openlane/designs/spm/runs/run4/logs/floorplan/4-io.log"

Sun Mar 23 08:28:41 +0000 2025 - Executing "{openroad -exit /openlane/scripts/openroad/ioplacer.tcl |& tee /dev/null /openlane/designs/spm/runs/run4/logs/floorplan/4-io.log}"

Sun Mar 23 08:28:41 +0000 2025 - Executing "openroad -exit /openlane/scripts/openroad/tapcell.tcl |& tee /dev/null /openlane/designs/spm/runs/run4/logs/floorplan/5-tap.log"

Sun Mar 23 08:28:41 +0000 2025 - Executing "{openroad -exit /openlane/scripts/openroad/tapcell.tcl |& tee /dev/null /openlane/designs/spm/runs/run4/logs/floorplan/5-tap.log}"

Sun Mar 23 08:28:42 +0000 2025 - Executing "openroad -exit /openlane/scripts/openroad/pdn.tcl |& tee /dev/null /openlane/designs/spm/runs/run4/logs/floorplan/6-pdn.log"

Sun Mar 23 08:28:42 +0000 2025 - Executing "{openroad -exit /openlane/scripts/openroad/pdn.tcl |& tee /dev/null /openlane/designs/spm/runs/run4/logs/floorplan/6-pdn.log}"

Sun Mar 23 08:28:42 +0000 2025 - Executing "openroad -exit /openlane/scripts/openroad/gpl.tcl |& tee /dev/null /openlane/designs/spm/runs/run4/logs/placement/6-global_skip_io.log"

Sun Mar 23 08:28:42 +0000 2025 - Executing "{openroad -exit /openlane/scripts/openroad/gpl.tcl |& tee /dev/null /openlane/designs/spm/runs/run4/logs/placement/6-global_skip_io.log}"

Sun Mar 23 08:28:43 +0000 2025 - Executing "{sed -i.bak -e {s/\(set ::env(CURRENT_NETLIST)\).*/\1 \/openlane\/designs\/spm\/runs\/run4\/tmp\/placement\/7-global_skip_io.nl.v/} /openlane/designs/spm/runs/run4/config.tcl}"

Sun Mar 23 08:28:43 +0000 2025 - Executing "openroad -exit /openlane/scripts/openroad/sta/multi_corner.tcl |& tee /dev/null /openlane/designs/spm/runs/run4/logs/placement/8-gpl_sta.log"

Sun Mar 23 08:28:43 +0000 2025 - Executing "{openroad -exit /openlane/scripts/openroad/sta/multi_corner.tcl |& tee /dev/null /openlane/designs/spm/runs/run4/logs/placement/8-gpl_sta.log}"

Sun Mar 23 08:28:43 +0000 2025 - Executing "openroad -exit /openlane/scripts/openroad/ioplacer.tcl |& tee /dev/null /openlane/designs/spm/runs/run4/logs/placement/9-io.log"

Sun Mar 23 08:28:43 +0000 2025 - Executing "{openroad -exit /openlane/scripts/openroad/ioplacer.tcl |& tee /dev/null /openlane/designs/spm/runs/run4/logs/placement/9-io.log}"

Sun Mar 23 08:28:44 +0000 2025 - Executing "openroad -exit /openlane/scripts/openroad/gpl.tcl |& tee /dev/null /openlane/designs/spm/runs/run4/logs/placement/9-global.log"

Sun Mar 23 08:28:44 +0000 2025 - Executing "{openroad -exit /openlane/scripts/openroad/gpl.tcl |& tee /dev/null /openlane/designs/spm/runs/run4/logs/placement/9-global.log}"

Sun Mar 23 08:28:44 +0000 2025 - Executing "{sed -i.bak -e {s/\(set ::env(CURRENT_NETLIST)\).*/\1 \/openlane\/designs\/spm\/runs\/run4\/tmp\/placement\/10-global.nl.v/} /openlane/designs/spm/runs/run4/config.tcl}"

Sun Mar 23 08:28:44 +0000 2025 - Executing "openroad -exit /openlane/scripts/openroad/sta/multi_corner.tcl |& tee /dev/null /openlane/designs/spm/runs/run4/logs/placement/11-gpl_sta.log"

Sun Mar 23 08:28:44 +0000 2025 - Executing "{openroad -exit /openlane/scripts/openroad/sta/multi_corner.tcl |& tee /dev/null /openlane/designs/spm/runs/run4/logs/placement/11-gpl_sta.log}"

Sun Mar 23 08:28:45 +0000 2025 - Executing "openroad -exit /openlane/scripts/openroad/resizer.tcl |& tee /dev/null /openlane/designs/spm/runs/run4/logs/placement/12-resizer.log"

Sun Mar 23 08:28:45 +0000 2025 - Executing "{openroad -exit /openlane/scripts/openroad/resizer.tcl |& tee /dev/null /openlane/designs/spm/runs/run4/logs/placement/12-resizer.log}"

Sun Mar 23 08:28:46 +0000 2025 - Executing "{sed -i.bak -e {s/\(set ::env(CURRENT_NETLIST)\).*/\1 \/openlane\/designs\/spm\/runs\/run4\/tmp\/placement\/12-resizer.nl.v/} /openlane/designs/spm/runs/run4/config.tcl}"

Sun Mar 23 08:28:46 +0000 2025 - Executing "openroad -exit /openlane/scripts/openroad/dpl.tcl |& tee /dev/null /openlane/designs/spm/runs/run4/logs/placement/13-detailed.log"

Sun Mar 23 08:28:46 +0000 2025 - Executing "{openroad -exit /openlane/scripts/openroad/dpl.tcl |& tee /dev/null /openlane/designs/spm/runs/run4/logs/placement/13-detailed.log}"

Sun Mar 23 08:28:46 +0000 2025 - Executing "{sed -i.bak -e {s/\(set ::env(CURRENT_NETLIST)\).*/\1 \/openlane\/designs\/spm\/runs\/run4\/results\/placement\/spm.nl.v/} /openlane/designs/spm/runs/run4/config.tcl}"

Sun Mar 23 08:28:46 +0000 2025 - Executing "openroad -exit /openlane/scripts/openroad/sta/multi_corner.tcl |& tee /dev/null /openlane/designs/spm/runs/run4/logs/placement/14-dpl_sta.log"

Sun Mar 23 08:28:47 +0000 2025 - Executing "{openroad -exit /openlane/scripts/openroad/sta/multi_corner.tcl |& tee /dev/null /openlane/designs/spm/runs/run4/logs/placement/14-dpl_sta.log}"

Sun Mar 23 08:28:47 +0000 2025 - Executing "openroad -exit /openlane/scripts/openroad/resizer_timing.tcl |& tee /dev/null /openlane/designs/spm/runs/run4/logs/cts/15-resizer.log"

Sun Mar 23 08:28:47 +0000 2025 - Executing "{openroad -exit /openlane/scripts/openroad/resizer_timing.tcl |& tee /dev/null /openlane/designs/spm/runs/run4/logs/cts/15-resizer.log}"

Sun Mar 23 08:28:48 +0000 2025 - Executing "{sed -i.bak -e {s/\(set ::env(CURRENT_NETLIST)\).*/\1 \/openlane\/designs\/spm\/runs\/run4\/tmp\/cts\/15-spm.resized.nl.v/} /openlane/designs/spm/runs/run4/config.tcl}"

Sun Mar 23 08:28:48 +0000 2025 - Executing "openroad -exit /openlane/scripts/openroad/resizer_routing_design.tcl |& tee /dev/null /openlane/designs/spm/runs/run4/logs/routing/16-resizer_design.log"

Sun Mar 23 08:28:48 +0000 2025 - Executing "{openroad -exit /openlane/scripts/openroad/resizer_routing_design.tcl |& tee /dev/null /openlane/designs/spm/runs/run4/logs/routing/16-resizer_design.log}"

Sun Mar 23 08:28:50 +0000 2025 - Executing "{sed -i.bak -e {s/\(set ::env(CURRENT_NETLIST)\).*/\1 \/openlane\/designs\/spm\/runs\/run4\/tmp\/16-spm.nl.v/} /openlane/designs/spm/runs/run4/config.tcl}"

Sun Mar 23 08:28:50 +0000 2025 - Executing "openroad -exit /openlane/scripts/openroad/sta/multi_corner.tcl |& tee /dev/null /openlane/designs/spm/runs/run4/logs/routing/17-rsz_design_sta.log"

Sun Mar 23 08:28:50 +0000 2025 - Executing "{openroad -exit /openlane/scripts/openroad/sta/multi_corner.tcl |& tee /dev/null /openlane/designs/spm/runs/run4/logs/routing/17-rsz_design_sta.log}"

Sun Mar 23 08:28:50 +0000 2025 - Executing "openroad -exit /openlane/scripts/openroad/resizer_routing_timing.tcl |& tee /dev/null /openlane/designs/spm/runs/run4/logs/routing/18-resizer_timing.log"

Sun Mar 23 08:28:50 +0000 2025 - Executing "{openroad -exit /openlane/scripts/openroad/resizer_routing_timing.tcl |& tee /dev/null /openlane/designs/spm/runs/run4/logs/routing/18-resizer_timing.log}"

Sun Mar 23 08:28:52 +0000 2025 - Executing "{sed -i.bak -e {s/\(set ::env(CURRENT_NETLIST)\).*/\1 \/openlane\/designs\/spm\/runs\/run4\/tmp\/18-spm.nl.v/} /openlane/designs/spm/runs/run4/config.tcl}"

Sun Mar 23 08:28:52 +0000 2025 - Executing "openroad -exit /openlane/scripts/openroad/sta/multi_corner.tcl |& tee /dev/null /openlane/designs/spm/runs/run4/logs/routing/19-rsz_timing_sta.log"

Sun Mar 23 08:28:52 +0000 2025 - Executing "{openroad -exit /openlane/scripts/openroad/sta/multi_corner.tcl |& tee /dev/null /openlane/designs/spm/runs/run4/logs/routing/19-rsz_timing_sta.log}"

Sun Mar 23 08:28:52 +0000 2025 - Executing "openroad -exit /openlane/scripts/openroad/repair_antennas.tcl |& tee /dev/null /openlane/designs/spm/runs/run4/logs/routing/20-global.log"

Sun Mar 23 08:28:52 +0000 2025 - Executing "{openroad -exit /openlane/scripts/openroad/repair_antennas.tcl |& tee /dev/null /openlane/designs/spm/runs/run4/logs/routing/20-global.log}"

Sun Mar 23 08:28:53 +0000 2025 - Executing "openroad -exit /openlane/scripts/openroad/write_views.tcl |& tee /dev/null /openlane/designs/spm/runs/run4/logs/routing/20-global_write_netlist.log"

Sun Mar 23 08:28:53 +0000 2025 - Executing "{openroad -exit /openlane/scripts/openroad/write_views.tcl |& tee /dev/null /openlane/designs/spm/runs/run4/logs/routing/20-global_write_netlist.log}"

Sun Mar 23 08:28:53 +0000 2025 - Executing "{sed -i.bak -e {s/\(set ::env(CURRENT_NETLIST)\).*/\1 \/openlane\/designs\/spm\/runs\/run4\/tmp\/routing\/global.nl.v/} /openlane/designs/spm/runs/run4/config.tcl}"

Sun Mar 23 08:28:53 +0000 2025 - Executing "openroad -exit /openlane/scripts/openroad/sta/multi_corner.tcl |& tee /dev/null /openlane/designs/spm/runs/run4/logs/routing/22-grt_sta.log"

Sun Mar 23 08:28:53 +0000 2025 - Executing "{openroad -exit /openlane/scripts/openroad/sta/multi_corner.tcl |& tee /dev/null /openlane/designs/spm/runs/run4/logs/routing/22-grt_sta.log}"

Sun Mar 23 08:28:54 +0000 2025 - Executing "openroad -exit /openlane/scripts/openroad/fill.tcl |& tee /dev/null /openlane/designs/spm/runs/run4/logs/routing/23-fill.log"

Sun Mar 23 08:28:54 +0000 2025 - Executing "{openroad -exit /openlane/scripts/openroad/fill.tcl |& tee /dev/null /openlane/designs/spm/runs/run4/logs/routing/23-fill.log}"

Sun Mar 23 08:28:54 +0000 2025 - Executing "{sed -i.bak -e {s/\(set ::env(CURRENT_NETLIST)\).*/\1 \/openlane\/designs\/spm\/runs\/run4\/tmp\/routing\/23-fill.nl.v/} /openlane/designs/spm/runs/run4/config.tcl}"

Sun Mar 23 08:28:54 +0000 2025 - Executing "openroad -exit -metrics /openlane/designs/spm/runs/run4/reports/routing/24-drt_metrics.json /openlane/scripts/openroad/droute.tcl |& tee /dev/null /openlane/designs/spm/runs/run4/logs/routing/24-detailed.log"

Sun Mar 23 08:28:54 +0000 2025 - Executing "{openroad -exit -metrics /openlane/designs/spm/runs/run4/reports/routing/24-drt_metrics.json /openlane/scripts/openroad/droute.tcl |& tee /dev/null /openlane/designs/spm/runs/run4/logs/routing/24-detailed.log}"

Sun Mar 23 08:29:01 +0000 2025 - Executing "{sed -i.bak -e {s/\(set ::env(CURRENT_NETLIST)\).*/\1 \/openlane\/designs\/spm\/runs\/run4\/results\/routing\/spm.nl.v/} /openlane/designs/spm/runs/run4/config.tcl}"

Sun Mar 23 08:29:01 +0000 2025 - Executing "{python3 /openlane/scripts/drc_rosetta.py tr to_klayout -o /openlane/designs/spm/runs/run4/reports/routing/drt.klayout.xml --design-name spm /openlane/designs/spm/runs/run4/reports/routing/drt.drc}"

Sun Mar 23 08:29:01 +0000 2025 - Executing "{openroad -exit -no_init -python /openlane/scripts/odbpy/wire_lengths.py --report-out /openlane/designs/spm/runs/run4/reports/routing/25-wire_lengths.csv --input-lef /openlane/designs/spm/runs/run4/tmp/merged.nom.lef --output-def /openlane/designs/spm/runs/run4/results/routing/spm.def --output /openlane/designs/spm/runs/run4/results/routing/spm.odb /openlane/designs/spm/runs/run4/results/routing/spm.odb |& tee /dev/null /openlane/designs/spm/runs/run4/logs/routing/25-wire_lengths.log}"

Sun Mar 23 08:29:02 +0000 2025 - Executing "openroad -exit /openlane/scripts/openroad/rcx.tcl |& tee /dev/null /openlane/designs/spm/runs/run4/logs/signoff/26-parasitics_extraction.min.log"

Sun Mar 23 08:29:02 +0000 2025 - Executing "{openroad -exit /openlane/scripts/openroad/rcx.tcl |& tee /dev/null /openlane/designs/spm/runs/run4/logs/signoff/26-parasitics_extraction.min.log}"

Sun Mar 23 08:29:02 +0000 2025 - Executing "sta -exit -no_init /openlane/scripts/openroad/sta/multi_corner.tcl |& tee /dev/null /openlane/designs/spm/runs/run4/logs/signoff/27-rcx_mcsta.min.log"

Sun Mar 23 08:29:02 +0000 2025 - Executing "{sta -exit -no_init /openlane/scripts/openroad/sta/multi_corner.tcl |& tee /dev/null /openlane/designs/spm/runs/run4/logs/signoff/27-rcx_mcsta.min.log}"

Sun Mar 23 08:29:04 +0000 2025 - Executing "openroad -exit /openlane/scripts/openroad/rcx.tcl |& tee /dev/null /openlane/designs/spm/runs/run4/logs/signoff/28-parasitics_extraction.max.log"

Sun Mar 23 08:29:04 +0000 2025 - Executing "{openroad -exit /openlane/scripts/openroad/rcx.tcl |& tee /dev/null /openlane/designs/spm/runs/run4/logs/signoff/28-parasitics_extraction.max.log}"

Sun Mar 23 08:29:04 +0000 2025 - Executing "sta -exit -no_init /openlane/scripts/openroad/sta/multi_corner.tcl |& tee /dev/null /openlane/designs/spm/runs/run4/logs/signoff/29-rcx_mcsta.max.log"

Sun Mar 23 08:29:04 +0000 2025 - Executing "{sta -exit -no_init /openlane/scripts/openroad/sta/multi_corner.tcl |& tee /dev/null /openlane/designs/spm/runs/run4/logs/signoff/29-rcx_mcsta.max.log}"

Sun Mar 23 08:29:06 +0000 2025 - Executing "openroad -exit /openlane/scripts/openroad/rcx.tcl |& tee /dev/null /openlane/designs/spm/runs/run4/logs/signoff/30-parasitics_extraction.nom.log"

Sun Mar 23 08:29:06 +0000 2025 - Executing "{openroad -exit /openlane/scripts/openroad/rcx.tcl |& tee /dev/null /openlane/designs/spm/runs/run4/logs/signoff/30-parasitics_extraction.nom.log}"

Sun Mar 23 08:29:07 +0000 2025 - Executing "sta -exit -no_init /openlane/scripts/openroad/sta/multi_corner.tcl |& tee /dev/null /openlane/designs/spm/runs/run4/logs/signoff/31-rcx_mcsta.nom.log"

Sun Mar 23 08:29:07 +0000 2025 - Executing "{sta -exit -no_init /openlane/scripts/openroad/sta/multi_corner.tcl |& tee /dev/null /openlane/designs/spm/runs/run4/logs/signoff/31-rcx_mcsta.nom.log}"

Sun Mar 23 08:29:09 +0000 2025 - Executing "openroad -exit /openlane/scripts/openroad/irdrop.tcl |& tee /dev/null /openlane/designs/spm/runs/run4/logs/signoff/32-irdrop.log"

Sun Mar 23 08:29:09 +0000 2025 - Executing "{openroad -exit /openlane/scripts/openroad/irdrop.tcl |& tee /dev/null /openlane/designs/spm/runs/run4/logs/signoff/32-irdrop.log}"

Sun Mar 23 08:29:09 +0000 2025 - Executing "magic -noconsole -dnull -rcfile /home/tirtha/.volare/sky130A/libs.tech/magic/sky130A.magicrc < /openlane/scripts/magic/wrapper.tcl |& tee /dev/null /openlane/designs/spm/runs/run4/logs/signoff/33-gdsii.log"

Sun Mar 23 08:29:09 +0000 2025 - Executing "{magic -noconsole -dnull -rcfile /home/tirtha/.volare/sky130A/libs.tech/magic/sky130A.magicrc < /openlane/scripts/magic/wrapper.tcl |& tee /dev/null /openlane/designs/spm/runs/run4/logs/signoff/33-gdsii.log}"

Sun Mar 23 08:29:10 +0000 2025 - Executing "magic -noconsole -dnull -rcfile /home/tirtha/.volare/sky130A/libs.tech/magic/sky130A.magicrc < /openlane/scripts/magic/wrapper.tcl |& tee /dev/null /openlane/designs/spm/runs/run4/logs/signoff/33-gds_ptrs.log"

Sun Mar 23 08:29:10 +0000 2025 - Executing "{magic -noconsole -dnull -rcfile /home/tirtha/.volare/sky130A/libs.tech/magic/sky130A.magicrc < /openlane/scripts/magic/wrapper.tcl |& tee /dev/null /openlane/designs/spm/runs/run4/logs/signoff/33-gds_ptrs.log}"

Sun Mar 23 08:29:10 +0000 2025 - Executing "{sed -i.bak -n {/^<< properties >>/,/^<< end >>/p} /openlane/designs/spm/runs/run4/tmp/signoff/gds_ptrs.mag}"

Sun Mar 23 08:29:10 +0000 2025 - Executing "magic -noconsole -dnull -rcfile /home/tirtha/.volare/sky130A/libs.tech/magic/sky130A.magicrc < /openlane/scripts/magic/wrapper.tcl |& tee /dev/null /openlane/designs/spm/runs/run4/logs/signoff/33-lef.log"

Sun Mar 23 08:29:10 +0000 2025 - Executing "{magic -noconsole -dnull -rcfile /home/tirtha/.volare/sky130A/libs.tech/magic/sky130A.magicrc < /openlane/scripts/magic/wrapper.tcl |& tee /dev/null /openlane/designs/spm/runs/run4/logs/signoff/33-lef.log}"

Sun Mar 23 08:29:10 +0000 2025 - Executing "magic -noconsole -dnull -rcfile /home/tirtha/.volare/sky130A/libs.tech/magic/sky130A.magicrc < /openlane/scripts/magic/wrapper.tcl |& tee /dev/null /openlane/designs/spm/runs/run4/logs/signoff/33-maglef.log"

Sun Mar 23 08:29:10 +0000 2025 - Executing "{magic -noconsole -dnull -rcfile /home/tirtha/.volare/sky130A/libs.tech/magic/sky130A.magicrc < /openlane/scripts/magic/wrapper.tcl |& tee /dev/null /openlane/designs/spm/runs/run4/logs/signoff/33-maglef.log}"

Sun Mar 23 08:29:11 +0000 2025 - Executing "{python3 /openlane/scripts/klayout/stream_out.py --output /openlane/designs/spm/runs/run4/results/signoff/spm.klayout.gds --lyt /home/tirtha/.volare/sky130A/libs.tech/klayout/tech/sky130A.lyt --lym /home/tirtha/.volare/sky130A/libs.tech/klayout/tech/sky130A.map --lyp /home/tirtha/.volare/sky130A/libs.tech/klayout/tech/sky130A.lyp --top spm --with-gds-file /home/tirtha/.volare/sky130A/libs.ref/sky130_fd_sc_hd/gds/sky130_fd_sc_hd.gds --input-lef /openlane/designs/spm/runs/run4/tmp/merged.nom.lef /openlane/designs/spm/runs/run4/results/routing/spm.def |& tee /dev/null /openlane/designs/spm/runs/run4/logs/signoff/34-gdsii-klayout.log}"

Sun Mar 23 08:29:11 +0000 2025 - Executing "{klayout -b -r /openlane/scripts/klayout/xor.drc -rd a=/openlane/designs/spm/runs/run4/results/signoff/spm.gds -rd b=/openlane/designs/spm/runs/run4/results/signoff/spm.klayout.gds -rd jobs=1 -rd rdb_out=/openlane/designs/spm/runs/run4/reports/signoff/35-xor.xml -rd ignore=81/14 -rd rpt_out=/openlane/designs/spm/runs/run4/reports/signoff/35-xor.rpt |& tee /dev/null /openlane/designs/spm/runs/run4/logs/signoff/35-xor.log}"

Sun Mar 23 08:29:12 +0000 2025 - Executing "magic -noconsole -dnull -rcfile /home/tirtha/.volare/sky130A/libs.tech/magic/sky130A.magicrc < /openlane/scripts/magic/wrapper.tcl |& tee /dev/null /openlane/designs/spm/runs/run4/logs/signoff/36-spice.log"

Sun Mar 23 08:29:12 +0000 2025 - Executing "{magic -noconsole -dnull -rcfile /home/tirtha/.volare/sky130A/libs.tech/magic/sky130A.magicrc < /openlane/scripts/magic/wrapper.tcl |& tee /dev/null /openlane/designs/spm/runs/run4/logs/signoff/36-spice.log}"

Sun Mar 23 08:29:13 +0000 2025 - Executing "{openroad -exit -no_init -python /openlane/scripts/odbpy/power_utils.py write_powered_def --output /openlane/designs/spm/runs/run4/tmp/signoff/36-spm.p.def --input-lef /openlane/designs/spm/runs/run4/tmp/merged.nom.lef --power-port VPWR --ground-port VGND --powered-netlist {} /openlane/designs/spm/runs/run4/results/routing/spm.def |& tee /dev/null /openlane/designs/spm/runs/run4/logs/signoff/37-write_powered_def.log}"

Sun Mar 23 08:29:13 +0000 2025 - Executing "openroad -exit /openlane/scripts/openroad/write_views.tcl |& tee /dev/null /openlane/designs/spm/runs/run4/logs/signoff/37-write_powered_verilog.log"

Sun Mar 23 08:29:13 +0000 2025 - Executing "{openroad -exit /openlane/scripts/openroad/write_views.tcl |& tee /dev/null /openlane/designs/spm/runs/run4/logs/signoff/37-write_powered_verilog.log}"

Sun Mar 23 08:29:13 +0000 2025 - Executing "{sed -i.bak -e {s/\(set ::env(CURRENT_NETLIST)\).*/\1 \/openlane\/designs\/spm\/runs\/run4\/tmp\/signoff\/36-spm.nl.v/} /openlane/designs/spm/runs/run4/config.tcl}"

Sun Mar 23 08:29:14 +0000 2025 - Executing "{netgen -batch source /openlane/designs/spm/runs/run4/tmp/signoff/39-setup_file.lef.lvs |& tee /dev/null /openlane/designs/spm/runs/run4/logs/signoff/39-lvs.lef.log}"

Sun Mar 23 08:29:14 +0000 2025 - Executing "magic -noconsole -dnull -rcfile /home/tirtha/.volare/sky130A/libs.tech/magic/sky130A.magicrc < /openlane/scripts/magic/wrapper.tcl |& tee /dev/null /openlane/designs/spm/runs/run4/logs/signoff/40-drc.log"

Sun Mar 23 08:29:14 +0000 2025 - Executing "{magic -noconsole -dnull -rcfile /home/tirtha/.volare/sky130A/libs.tech/magic/sky130A.magicrc < /openlane/scripts/magic/wrapper.tcl |& tee /dev/null /openlane/designs/spm/runs/run4/logs/signoff/40-drc.log}"

Sun Mar 23 08:29:15 +0000 2025 - Executing "{python3 /openlane/scripts/drc_rosetta.py magic to_tcl -o /openlane/designs/spm/runs/run4/reports/signoff/drc.tcl /openlane/designs/spm/runs/run4/reports/signoff/drc.rpt}"

Sun Mar 23 08:29:15 +0000 2025 - Executing "{python3 /openlane/scripts/drc_rosetta.py magic to_tr -o /openlane/designs/spm/runs/run4/reports/signoff/drc.tr /openlane/designs/spm/runs/run4/reports/signoff/drc.rpt}"

Sun Mar 23 08:29:15 +0000 2025 - Executing "{python3 /openlane/scripts/drc_rosetta.py tr to_klayout -o /openlane/designs/spm/runs/run4/reports/signoff/drc.klayout.xml --design-name spm /openlane/designs/spm/runs/run4/reports/signoff/drc.tr}"

Sun Mar 23 08:29:15 +0000 2025 - Executing "{python3 /openlane/scripts/drc_rosetta.py magic to_rdb -o /openlane/designs/spm/runs/run4/reports/signoff/drc.rdb /openlane/designs/spm/runs/run4/reports/signoff/drc.rpt}"

Sun Mar 23 08:29:15 +0000 2025 - Executing "{klayout -b -zz -r /home/tirtha/.volare/sky130A/libs.tech/klayout/drc/sky130A_mr.drc -rd topcell=spm -rd input=/openlane/designs/spm/runs/run4/results/signoff/spm.gds -rd report=/openlane/designs/spm/runs/run4/reports/signoff/violations.xml -rd feol=true -rd beol=true -rd floating_metal=false -rd seal=true -rd thread=1 |& tee /dev/null /openlane/designs/spm/runs/run4/logs/signoff/41-drc-klayout.log}"

Sun Mar 23 08:29:17 +0000 2025 - Executing "{python3 /openlane/scripts/klayout/xml_drc_report_to_json.py --xml-file /openlane/designs/spm/runs/run4/reports/signoff/violations.xml --json-file /openlane/designs/spm/runs/run4/reports/signoff/violations.json}"

Sun Mar 23 08:29:17 +0000 2025 - Executing "openroad -exit /openlane/scripts/openroad/antenna_check.tcl |& tee /dev/null /openlane/designs/spm/runs/run4/logs/signoff/42-arc.log"

Sun Mar 23 08:29:17 +0000 2025 - Executing "{openroad -exit /openlane/scripts/openroad/antenna_check.tcl |& tee /dev/null /openlane/designs/spm/runs/run4/logs/signoff/42-arc.log}"

Sun Mar 23 08:29:18 +0000 2025 - Executing "{python3 /openlane/scripts/extract_antenna_violators.py --output /openlane/designs/spm/runs/run4/reports/signoff/42-antenna_violators.rpt --plain-out /openlane/designs/spm/runs/run4/reports/signoff/42-antenna_violators_pins.txt /openlane/designs/spm/runs/run4/logs/signoff/42-arc.log}"

Sun Mar 23 08:29:18 +0000 2025 - Executing "{python3 /openlane/scripts/write_runtime.py --conclude --seconds --time-in 1742718558 {flow completed}}"

Sun Mar 23 08:29:18 +0000 2025 - Executing "{python3 /openlane/scripts/generate_reports.py -d /openlane/designs/spm --design_name spm --tag run4 --output_file /openlane/designs/spm/runs/run4/reports/metrics.csv --man_report /openlane/designs/spm/runs/run4/reports/manufacturability.rpt --run_path /openlane/designs/spm/runs/run4}"

