Instance,Terminal,Layer,X location,Y location,Voltage
FILLER_0_28_173,VGND,li1,85.3300,87.0400,0.000003
FILLER_0_28_169,VGND,li1,84.1800,87.0400,0.000003
FILLER_0_28_165,VGND,li1,82.1100,87.0400,0.000003
FILLER_0_28_153,VGND,li1,78.6600,87.0400,0.000003
FILLER_0_28_141,VGND,li1,73.1400,87.0400,0.000005
FILLER_0_28_137,VGND,li1,69.2300,87.0400,0.000006
FILLER_0_28_125,VGND,li1,65.7800,87.0400,0.000008
FILLER_0_28_121,VGND,li1,61.4100,87.0400,0.000009
FILLER_0_28_113,VGND,li1,59.3400,87.0400,0.000009
FILLER_0_28_111,VGND,li1,56.8100,87.0400,0.000011
FILLER_0_28_102,VGND,li1,53.8200,87.0400,0.000013
FILLER_0_28_94,VGND,li1,48.9900,87.0400,0.000014
FILLER_0_28_77,VGND,li1,41.1700,87.0400,0.000012
FILLER_0_28_69,VGND,li1,39.1000,87.0400,0.000011
FILLER_0_28_57,VGND,li1,34.5000,87.0400,0.000014
FILLER_0_28_52,VGND,li1,30.3600,87.0400,0.000014
FILLER_0_28_41,VGND,li1,24.6100,87.0400,0.000013
FILLER_0_28_29,VGND,li1,21.6200,87.0400,0.000011
FILLER_0_28_27,VGND,li1,18.1700,87.0400,0.000008
FILLER_0_28_15,VGND,li1,15.1800,87.0400,0.000008
FILLER_0_28_3,VGND,li1,9.6600,87.0400,0.000009
FILLER_0_27_173,VGND,li1,85.3300,87.0400,0.000003
FILLER_0_27_169,VGND,li1,84.1800,87.0400,0.000003
FILLER_0_27_165,VGND,li1,82.1100,87.0400,0.000003
FILLER_0_27_157,VGND,li1,79.5800,87.0400,0.000003
FILLER_0_27_145,VGND,li1,74.9800,87.0400,0.000005
FILLER_0_27_133,VGND,li1,69.4600,87.0400,0.000006
FILLER_0_27_24,VGND,li1,16.7900,87.0400,0.000008
FILLER_0_27_18,VGND,li1,15.1800,87.0400,0.000008
FILLER_0_27_6,VGND,li1,11.0400,87.0400,0.000009
FILLER_0_26_173,VGND,li1,85.3300,81.6000,0.000001
FILLER_0_26_165,VGND,li1,83.2600,81.6000,0.000001
FILLER_0_26_153,VGND,li1,78.6600,81.6000,0.000001
FILLER_0_26_141,VGND,li1,73.1400,81.6000,0.000002
FILLER_0_26_138,VGND,li1,69.4600,81.6000,0.000003
FILLER_0_26_126,VGND,li1,66.2400,81.6000,0.000003
FILLER_0_26_114,VGND,li1,60.7200,81.6000,0.000004
FILLER_0_26_105,VGND,li1,54.2800,81.6000,0.000007
FILLER_0_26_97,VGND,li1,51.9800,81.6000,0.000007
FILLER_0_26_89,VGND,li1,46.6900,81.6000,0.000007
FILLER_0_26_83,VGND,li1,43.9300,81.6000,0.000007
FILLER_0_26_75,VGND,li1,41.8600,81.6000,0.000007
FILLER_0_26_49,VGND,li1,29.4400,81.6000,0.000009
FILLER_0_26_41,VGND,li1,24.8400,81.6000,0.000009
FILLER_0_26_29,VGND,li1,21.6200,81.6000,0.000008
FILLER_0_26_27,VGND,li1,18.1700,81.6000,0.000008
FILLER_0_26_21,VGND,li1,16.5600,81.6000,0.000009
FILLER_0_26_9,VGND,li1,12.4200,81.6000,0.000011
FILLER_0_26_3,VGND,li1,7.3600,81.6000,0.000012
FILLER_0_25_173,VGND,li1,85.3300,81.6000,0.000001
FILLER_0_25_169,VGND,li1,84.1800,81.6000,0.000001
FILLER_0_25_167,VGND,li1,82.5700,81.6000,0.000001
FILLER_0_25_161,VGND,li1,80.9600,81.6000,0.000001
FILLER_0_25_149,VGND,li1,76.8200,81.6000,0.000002
FILLER_0_25_137,VGND,li1,71.3000,81.6000,0.000003
FILLER_0_25_125,VGND,li1,65.7800,81.6000,0.000003
FILLER_0_25_113,VGND,li1,60.2600,81.6000,0.000004
FILLER_0_25_111,VGND,li1,56.8100,81.6000,0.000006
FILLER_0_25_105,VGND,li1,55.2000,81.6000,0.000007
FILLER_0_25_93,VGND,li1,51.0600,81.6000,0.000007
FILLER_0_25_81,VGND,li1,45.5400,81.6000,0.000007
FILLER_0_25_69,VGND,li1,40.0200,81.6000,0.000007
FILLER_0_25_57,VGND,li1,34.5000,81.6000,0.000009
FILLER_0_25_55,VGND,li1,31.0500,81.6000,0.000009
FILLER_0_25_51,VGND,li1,29.9000,81.6000,0.000009
FILLER_0_25_39,VGND,li1,26.2200,81.6000,0.000009
FILLER_0_25_27,VGND,li1,20.7000,81.6000,0.000008
FILLER_0_25_23,VGND,li1,16.3300,81.6000,0.000009
FILLER_0_24_169,VGND,li1,83.4900,76.1600,0.000009
FILLER_0_24_163,VGND,li1,81.8800,76.1600,0.000009
FILLER_0_24_151,VGND,li1,77.7400,76.1600,0.000011
FILLER_0_24_139,VGND,li1,69.6900,76.1600,0.000014
FILLER_0_24_133,VGND,li1,68.0800,76.1600,0.000014
FILLER_0_24_122,VGND,li1,63.4800,76.1600,0.000014
FILLER_0_24_117,VGND,li1,59.5700,76.1600,0.000012
FILLER_0_24_113,VGND,li1,57.7300,76.1600,0.000013
FILLER_0_24_109,VGND,li1,56.5800,76.1600,0.000013
FILLER_0_24_85,VGND,li1,45.5400,76.1600,0.000016
FILLER_0_24_82,VGND,li1,43.7000,76.1600,0.000015
FILLER_0_24_68,VGND,li1,37.2600,76.1600,0.000014
FILLER_0_24_56,VGND,li1,34.0400,76.1600,0.000015
FILLER_0_24_26,VGND,li1,17.9400,76.1600,0.000013
FILLER_0_24_11,VGND,li1,11.2700,76.1600,0.000015
FILLER_0_24_3,VGND,li1,7.1300,76.1600,0.000016
FILLER_0_23_173,VGND,li1,85.3300,76.1600,0.000009
FILLER_0_23_169,VGND,li1,84.1800,76.1600,0.000009
FILLER_0_23_160,VGND,li1,80.9600,76.1600,0.000009
FILLER_0_23_111,VGND,li1,56.8100,76.1600,0.000013
FILLER_0_23_103,VGND,li1,54.7400,76.1600,0.000014
FILLER_0_23_91,VGND,li1,50.1400,76.1600,0.000016
FILLER_0_23_57,VGND,li1,32.6600,76.1600,0.000015
FILLER_0_23_55,VGND,li1,31.0500,76.1600,0.000015
FILLER_0_23_51,VGND,li1,29.9000,76.1600,0.000015
FILLER_0_23_39,VGND,li1,26.2200,76.1600,0.000016
FILLER_0_23_27,VGND,li1,20.7000,76.1600,0.000014
FILLER_0_23_15,VGND,li1,13.8000,76.1600,0.000015
FILLER_0_23_3,VGND,li1,9.6600,76.1600,0.000016
FILLER_0_22_152,VGND,li1,75.9000,70.7200,0.000012
FILLER_0_22_137,VGND,li1,69.2300,70.7200,0.000012
FILLER_0_22_125,VGND,li1,65.7800,70.7200,0.000011
FILLER_0_22_118,VGND,li1,60.0300,70.7200,0.000010
FILLER_0_22_109,VGND,li1,55.8900,70.7200,0.000011
FILLER_0_22_101,VGND,li1,53.8200,70.7200,0.000012
FILLER_0_22_93,VGND,li1,48.5300,70.7200,0.000013
FILLER_0_22_85,VGND,li1,46.4600,70.7200,0.000012
FILLER_0_22_83,VGND,li1,43.9300,70.7200,0.000011
FILLER_0_22_71,VGND,li1,39.5600,70.7200,0.000010
FILLER_0_22_49,VGND,li1,28.5200,70.7200,0.000013
FILLER_0_22_27,VGND,li1,18.1700,70.7200,0.000008
FILLER_0_22_15,VGND,li1,15.1800,70.7200,0.000008
FILLER_0_22_3,VGND,li1,9.6600,70.7200,0.000008
FILLER_0_21_169,VGND,li1,83.7200,70.7200,0.000010
FILLER_0_21_145,VGND,li1,72.9100,70.7200,0.000012
FILLER_0_21_137,VGND,li1,70.3800,70.7200,0.000012
FILLER_0_21_125,VGND,li1,65.7800,70.7200,0.000011
FILLER_0_21_113,VGND,li1,60.2600,70.7200,0.000010
FILLER_0_21_110,VGND,li1,56.5800,70.7200,0.000011
FILLER_0_21_102,VGND,li1,54.2800,70.7200,0.000012
FILLER_0_21_93,VGND,li1,49.6800,70.7200,0.000013
FILLER_0_21_81,VGND,li1,45.5400,70.7200,0.000012
FILLER_0_21_69,VGND,li1,40.0200,70.7200,0.000010
FILLER_0_21_57,VGND,li1,34.5000,70.7200,0.000013
FILLER_0_21_52,VGND,li1,30.3600,70.7200,0.000013
FILLER_0_21_42,VGND,li1,25.5300,70.7200,0.000012
FILLER_0_21_30,VGND,li1,22.0800,70.7200,0.000011
FILLER_0_21_18,VGND,li1,16.5600,70.7200,0.000008
FILLER_0_21_6,VGND,li1,11.0400,70.7200,0.000008
FILLER_0_20_165,VGND,li1,82.8000,65.2800,0.000008
FILLER_0_20_153,VGND,li1,78.6600,65.2800,0.000008
FILLER_0_20_141,VGND,li1,73.1400,65.2800,0.000011
FILLER_0_20_138,VGND,li1,69.4600,65.2800,0.000013
FILLER_0_20_126,VGND,li1,63.9400,65.2800,0.000013
FILLER_0_20_114,VGND,li1,60.7200,65.2800,0.000011
FILLER_0_20_93,VGND,li1,48.9900,65.2800,0.000014
FILLER_0_20_85,VGND,li1,46.4600,65.2800,0.000014
FILLER_0_20_82,VGND,li1,43.7000,65.2800,0.000013
FILLER_0_20_74,VGND,li1,40.4800,65.2800,0.000012
FILLER_0_20_70,VGND,li1,37.9500,65.2800,0.000011
FILLER_0_20_64,VGND,li1,36.3400,65.2800,0.000013
FILLER_0_20_53,VGND,li1,30.1300,65.2800,0.000016
FILLER_0_20_41,VGND,li1,24.6100,65.2800,0.000016
FILLER_0_20_29,VGND,li1,21.6200,65.2800,0.000015
FILLER_0_20_27,VGND,li1,18.1700,65.2800,0.000016
FILLER_0_20_14,VGND,li1,12.6500,65.2800,0.000018
FILLER_0_20_6,VGND,li1,10.1200,65.2800,0.000019
FILLER_0_19_173,VGND,li1,85.3300,65.2800,0.000008
FILLER_0_19_169,VGND,li1,84.1800,65.2800,0.000008
FILLER_0_19_167,VGND,li1,82.5700,65.2800,0.000008
FILLER_0_19_163,VGND,li1,81.4200,65.2800,0.000008
FILLER_0_19_141,VGND,li1,70.8400,65.2800,0.000012
FILLER_0_19_109,VGND,li1,56.3500,65.2800,0.000014
FILLER_0_19_86,VGND,li1,45.7700,65.2800,0.000013
FILLER_0_19_65,VGND,li1,35.6500,65.2800,0.000013
FILLER_0_19_57,VGND,li1,33.5800,65.2800,0.000014
FILLER_0_19_30,VGND,li1,20.7000,65.2800,0.000015
FILLER_0_18_173,VGND,li1,85.3300,59.8400,0.000013
FILLER_0_18_169,VGND,li1,84.1800,59.8400,0.000013
FILLER_0_18_156,VGND,li1,77.9700,59.8400,0.000014
FILLER_0_18_148,VGND,li1,75.4400,59.8400,0.000015
FILLER_0_18_139,VGND,li1,69.6900,59.8400,0.000016
FILLER_0_18_135,VGND,li1,68.5400,59.8400,0.000016
FILLER_0_18_129,VGND,li1,65.5500,59.8400,0.000015
FILLER_0_18_121,VGND,li1,63.0200,59.8400,0.000013
FILLER_0_18_109,VGND,li1,58.4200,59.8400,0.000012
FILLER_0_18_97,VGND,li1,52.9000,59.8400,0.000013
FILLER_0_18_85,VGND,li1,47.3800,59.8400,0.000012
FILLER_0_18_77,VGND,li1,41.1700,59.8400,0.000011
FILLER_0_18_61,VGND,li1,35.4200,59.8400,0.000012
FILLER_0_18_49,VGND,li1,30.8200,59.8400,0.000012
FILLER_0_18_27,VGND,li1,18.1700,59.8400,0.000010
FILLER_0_18_21,VGND,li1,16.5600,59.8400,0.000010
FILLER_0_18_9,VGND,li1,9.8900,59.8400,0.000012
FILLER_0_18_3,VGND,li1,8.2800,59.8400,0.000012
FILLER_0_17_173,VGND,li1,85.3300,59.8400,0.000013
FILLER_0_17_153,VGND,li1,76.8200,59.8400,0.000015
FILLER_0_17_104,VGND,li1,55.2000,59.8400,0.000012
FILLER_0_17_92,VGND,li1,48.5300,59.8400,0.000013
FILLER_0_17_84,VGND,li1,46.0000,59.8400,0.000012
FILLER_0_17_72,VGND,li1,41.4000,59.8400,0.000011
FILLER_0_17_57,VGND,li1,33.5800,59.8400,0.000012
FILLER_0_17_54,VGND,li1,30.8200,59.8400,0.000012
FILLER_0_17_49,VGND,li1,28.2900,59.8400,0.000012
FILLER_0_17_43,VGND,li1,26.6800,59.8400,0.000012
FILLER_0_17_39,VGND,li1,23.6900,59.8400,0.000012
FILLER_0_17_27,VGND,li1,20.7000,59.8400,0.000011
FILLER_0_17_15,VGND,li1,15.1800,59.8400,0.000011
FILLER_0_17_3,VGND,li1,9.6600,59.8400,0.000012
FILLER_0_16_149,VGND,li1,74.5200,54.4000,0.000013
FILLER_0_16_141,VGND,li1,72.2200,54.4000,0.000015
FILLER_0_16_139,VGND,li1,69.6900,54.4000,0.000015
FILLER_0_16_131,VGND,li1,67.6200,54.4000,0.000015
FILLER_0_16_112,VGND,li1,59.8000,54.4000,0.000014
FILLER_0_16_83,VGND,li1,43.9300,54.4000,0.000018
FILLER_0_16_36,VGND,li1,22.3100,54.4000,0.000021
FILLER_0_16_27,VGND,li1,18.1700,54.4000,0.000023
FILLER_0_16_23,VGND,li1,17.0200,54.4000,0.000023
FILLER_0_15_169,VGND,li1,83.7200,54.4000,0.000011
FILLER_0_15_137,VGND,li1,68.7700,54.4000,0.000015
FILLER_0_15_131,VGND,li1,67.1600,54.4000,0.000015
FILLER_0_15_119,VGND,li1,60.4900,54.4000,0.000014
FILLER_0_15_113,VGND,li1,58.8800,54.4000,0.000015
FILLER_0_15_104,VGND,li1,55.2000,54.4000,0.000017
FILLER_0_15_80,VGND,li1,45.0800,54.4000,0.000018
FILLER_0_15_65,VGND,li1,35.6500,54.4000,0.000019
FILLER_0_15_57,VGND,li1,33.5800,54.4000,0.000020
FILLER_0_15_55,VGND,li1,31.0500,54.4000,0.000022
FILLER_0_15_46,VGND,li1,27.3700,54.4000,0.000023
FILLER_0_15_36,VGND,li1,22.5400,54.4000,0.000021
FILLER_0_15_6,VGND,li1,8.9700,54.4000,0.000027
FILLER_0_14_173,VGND,li1,85.3300,48.9600,0.000012
FILLER_0_14_169,VGND,li1,84.1800,48.9600,0.000012
FILLER_0_14_157,VGND,li1,79.1200,48.9600,0.000010
FILLER_0_14_149,VGND,li1,74.2900,48.9600,0.000011
FILLER_0_14_141,VGND,li1,72.2200,48.9600,0.000011
FILLER_0_14_138,VGND,li1,69.4600,48.9600,0.000011
FILLER_0_14_109,VGND,li1,56.3500,48.9600,0.000010
FILLER_0_14_97,VGND,li1,52.9000,48.9600,0.000011
FILLER_0_14_85,VGND,li1,47.3800,48.9600,0.000012
FILLER_0_14_78,VGND,li1,42.7800,48.9600,0.000011
FILLER_0_14_73,VGND,li1,39.5600,48.9600,0.000010
FILLER_0_14_65,VGND,li1,37.2600,48.9600,0.000011
FILLER_0_14_53,VGND,li1,32.6600,48.9600,0.000011
FILLER_0_14_41,VGND,li1,27.1400,48.9600,0.000011
FILLER_0_14_29,VGND,li1,21.6200,48.9600,0.000010
FILLER_0_14_26,VGND,li1,17.9400,48.9600,0.000009
FILLER_0_14_18,VGND,li1,15.6400,48.9600,0.000011
FILLER_0_14_6,VGND,li1,11.0400,48.9600,0.000013
FILLER_0_13_173,VGND,li1,85.3300,48.9600,0.000012
FILLER_0_13_169,VGND,li1,84.1800,48.9600,0.000012
FILLER_0_13_160,VGND,li1,79.5800,48.9600,0.000010
FILLER_0_13_155,VGND,li1,77.2800,48.9600,0.000011
FILLER_0_13_143,VGND,li1,74.0600,48.9600,0.000011
FILLER_0_13_131,VGND,li1,68.5400,48.9600,0.000011
FILLER_0_13_125,VGND,li1,63.4800,48.9600,0.000011
FILLER_0_13_113,VGND,li1,60.2600,48.9600,0.000009
FILLER_0_13_111,VGND,li1,56.8100,48.9600,0.000010
FILLER_0_13_107,VGND,li1,55.6600,48.9600,0.000010
FILLER_0_13_86,VGND,li1,45.3100,48.9600,0.000012
FILLER_0_13_57,VGND,li1,32.6600,48.9600,0.000011
FILLER_0_13_48,VGND,li1,28.0600,48.9600,0.000011
FILLER_0_13_36,VGND,li1,24.8400,48.9600,0.000010
FILLER_0_13_24,VGND,li1,19.3200,48.9600,0.000009
FILLER_0_12_173,VGND,li1,85.3300,43.5200,0.000013
FILLER_0_12_129,VGND,li1,65.0900,43.5200,0.000016
FILLER_0_12_121,VGND,li1,63.0200,43.5200,0.000015
FILLER_0_12_109,VGND,li1,58.4200,43.5200,0.000014
FILLER_0_12_100,VGND,li1,51.9800,43.5200,0.000016
FILLER_0_12_92,VGND,li1,49.6800,43.5200,0.000016
FILLER_0_12_85,VGND,li1,45.3100,43.5200,0.000015
FILLER_0_12_27,VGND,li1,18.1700,43.5200,0.000014
FILLER_0_11_169,VGND,li1,83.7200,43.5200,0.000013
FILLER_0_11_140,VGND,li1,71.7600,43.5200,0.000016
FILLER_0_11_111,VGND,li1,56.8100,43.5200,0.000015
FILLER_0_11_105,VGND,li1,55.2000,43.5200,0.000015
FILLER_0_11_91,VGND,li1,48.0700,43.5200,0.000016
FILLER_0_11_79,VGND,li1,44.6200,43.5200,0.000015
FILLER_0_11_61,VGND,li1,36.3400,43.5200,0.000016
FILLER_0_11_54,VGND,li1,30.8200,43.5200,0.000018
FILLER_0_11_46,VGND,li1,26.9100,43.5200,0.000017
FILLER_0_11_40,VGND,li1,25.3000,43.5200,0.000017
FILLER_0_11_17,VGND,li1,14.0300,43.5200,0.000014
FILLER_0_11_9,VGND,li1,11.5000,43.5200,0.000014
FILLER_0_10_165,VGND,li1,82.8000,38.0800,0.000007
FILLER_0_10_153,VGND,li1,78.6600,38.0800,0.000008
FILLER_0_10_141,VGND,li1,73.1400,38.0800,0.000010
FILLER_0_10_134,VGND,li1,68.5400,38.0800,0.000011
FILLER_0_10_123,VGND,li1,63.9400,38.0800,0.000011
FILLER_0_10_111,VGND,li1,59.3400,38.0800,0.000009
FILLER_0_10_78,VGND,li1,42.7800,38.0800,0.000012
FILLER_0_10_65,VGND,li1,36.8000,38.0800,0.000011
FILLER_0_10_53,VGND,li1,32.6600,38.0800,0.000011
FILLER_0_10_41,VGND,li1,27.1400,38.0800,0.000010
FILLER_0_10_29,VGND,li1,21.6200,38.0800,0.000008
FILLER_0_10_27,VGND,li1,18.1700,38.0800,0.000007
FILLER_0_10_18,VGND,li1,14.7200,38.0800,0.000007
FILLER_0_10_6,VGND,li1,11.0400,38.0800,0.000007
FILLER_0_9_169,VGND,li1,83.7200,38.0800,0.000007
FILLER_0_9_166,VGND,li1,82.3400,38.0800,0.000007
FILLER_0_9_145,VGND,li1,72.4500,38.0800,0.000010
FILLER_0_9_111,VGND,li1,56.8100,38.0800,0.000011
FILLER_0_9_99,VGND,li1,53.8200,38.0800,0.000012
FILLER_0_9_92,VGND,li1,48.5300,38.0800,0.000013
FILLER_0_9_84,VGND,li1,46.0000,38.0800,0.000013
FILLER_0_9_11,VGND,li1,10.8100,38.0800,0.000007
FILLER_0_9_3,VGND,li1,8.7400,38.0800,0.000007
FILLER_0_8_171,VGND,li1,84.8700,32.6400,0.000007
FILLER_0_8_141,VGND,li1,73.1400,32.6400,0.000007
FILLER_0_8_139,VGND,li1,69.6900,32.6400,0.000007
FILLER_0_8_121,VGND,li1,63.9400,32.6400,0.000007
FILLER_0_8_109,VGND,li1,58.4200,32.6400,0.000006
FILLER_0_8_97,VGND,li1,52.9000,32.6400,0.000007
FILLER_0_8_85,VGND,li1,47.3800,32.6400,0.000007
FILLER_0_8_83,VGND,li1,43.9300,32.6400,0.000007
FILLER_0_8_79,VGND,li1,42.7800,32.6400,0.000007
FILLER_0_8_64,VGND,li1,35.1900,32.6400,0.000007
FILLER_0_8_60,VGND,li1,34.0400,32.6400,0.000007
FILLER_0_8_51,VGND,li1,29.6700,32.6400,0.000007
FILLER_0_8_40,VGND,li1,24.1500,32.6400,0.000006
FILLER_0_8_32,VGND,li1,22.0800,32.6400,0.000005
FILLER_0_8_26,VGND,li1,17.9400,32.6400,0.000005
FILLER_0_7_173,VGND,li1,85.3300,32.6400,0.000007
FILLER_0_7_169,VGND,li1,84.1800,32.6400,0.000007
FILLER_0_7_162,VGND,li1,81.4200,32.6400,0.000007
FILLER_0_7_153,VGND,li1,77.2800,32.6400,0.000007
FILLER_0_7_141,VGND,li1,73.1400,32.6400,0.000007
FILLER_0_7_131,VGND,li1,67.1600,32.6400,0.000007
FILLER_0_7_119,VGND,li1,63.0200,32.6400,0.000007
FILLER_0_7_87,VGND,li1,45.7700,32.6400,0.000007
FILLER_0_7_69,VGND,li1,40.0200,32.6400,0.000007
FILLER_0_7_57,VGND,li1,34.5000,32.6400,0.000007
FILLER_0_7_55,VGND,li1,31.0500,32.6400,0.000007
FILLER_0_7_51,VGND,li1,29.9000,32.6400,0.000007
FILLER_0_7_39,VGND,li1,26.2200,32.6400,0.000007
FILLER_0_7_27,VGND,li1,20.7000,32.6400,0.000005
FILLER_0_7_15,VGND,li1,13.8000,32.6400,0.000005
FILLER_0_7_3,VGND,li1,9.6600,32.6400,0.000005
FILLER_0_6_163,VGND,li1,82.3400,27.2000,0.000009
FILLER_0_6_155,VGND,li1,77.0500,27.2000,0.000010
FILLER_0_6_147,VGND,li1,74.9800,27.2000,0.000011
FILLER_0_6_118,VGND,li1,60.2600,27.2000,0.000008
FILLER_0_6_106,VGND,li1,57.0400,27.2000,0.000009
FILLER_0_6_89,VGND,li1,47.8400,27.2000,0.000009
FILLER_0_6_83,VGND,li1,43.9300,27.2000,0.000008
FILLER_0_6_71,VGND,li1,40.9400,27.2000,0.000007
FILLER_0_6_60,VGND,li1,33.3500,27.2000,0.000007
FILLER_0_6_48,VGND,li1,30.3600,27.2000,0.000006
FILLER_0_6_36,VGND,li1,24.8400,27.2000,0.000006
FILLER_0_6_26,VGND,li1,17.9400,27.2000,0.000004
FILLER_0_6_6,VGND,li1,10.1200,27.2000,0.000005
FILLER_0_5_173,VGND,li1,85.3300,27.2000,0.000009
FILLER_0_5_169,VGND,li1,84.1800,27.2000,0.000009
FILLER_0_5_167,VGND,li1,82.5700,27.2000,0.000009
FILLER_0_5_163,VGND,li1,81.4200,27.2000,0.000009
FILLER_0_5_141,VGND,li1,70.8400,27.2000,0.000012
FILLER_0_5_111,VGND,li1,56.8100,27.2000,0.000009
FILLER_0_5_107,VGND,li1,55.6600,27.2000,0.000009
FILLER_0_5_94,VGND,li1,50.1400,27.2000,0.000009
FILLER_0_5_72,VGND,li1,39.1000,27.2000,0.000006
FILLER_0_5_54,VGND,li1,30.8200,27.2000,0.000006
FILLER_0_5_28,VGND,li1,19.7800,27.2000,0.000005
FILLER_0_5_3,VGND,li1,7.3600,27.2000,0.000005
FILLER_0_4_148,VGND,li1,74.9800,21.7600,0.000012
FILLER_0_4_138,VGND,li1,69.4600,21.7600,0.000012
FILLER_0_4_133,VGND,li1,67.1600,21.7600,0.000011
FILLER_0_4_121,VGND,li1,63.9400,21.7600,0.000010
FILLER_0_4_109,VGND,li1,58.4200,21.7600,0.000007
FILLER_0_4_97,VGND,li1,52.9000,21.7600,0.000008
FILLER_0_4_85,VGND,li1,47.3800,21.7600,0.000008
FILLER_0_4_72,VGND,li1,41.4000,21.7600,0.000007
FILLER_0_4_41,VGND,li1,24.8400,21.7600,0.000005
FILLER_0_4_29,VGND,li1,21.6200,21.7600,0.000004
FILLER_0_4_27,VGND,li1,18.1700,21.7600,0.000003
FILLER_0_4_15,VGND,li1,15.1800,21.7600,0.000003
FILLER_0_4_3,VGND,li1,9.6600,21.7600,0.000003
FILLER_0_3_173,VGND,li1,85.3300,21.7600,0.000010
FILLER_0_3_169,VGND,li1,84.1800,21.7600,0.000010
FILLER_0_3_160,VGND,li1,80.9600,21.7600,0.000010
FILLER_0_3_140,VGND,li1,71.3000,21.7600,0.000012
FILLER_0_3_128,VGND,li1,67.1600,21.7600,0.000011
FILLER_0_3_121,VGND,li1,61.4100,21.7600,0.000009
FILLER_0_3_113,VGND,li1,59.3400,21.7600,0.000007
FILLER_0_3_109,VGND,li1,56.3500,21.7600,0.000007
FILLER_0_3_101,VGND,li1,53.8200,21.7600,0.000008
FILLER_0_3_69,VGND,li1,39.1000,21.7600,0.000006
FILLER_0_3_57,VGND,li1,34.5000,21.7600,0.000006
FILLER_0_3_55,VGND,li1,31.0500,21.7600,0.000006
FILLER_0_3_47,VGND,li1,28.9800,21.7600,0.000006
FILLER_0_3_39,VGND,li1,23.9200,21.7600,0.000005
FILLER_0_3_27,VGND,li1,20.7000,21.7600,0.000004
FILLER_0_3_15,VGND,li1,15.1800,21.7600,0.000003
FILLER_0_3_3,VGND,li1,9.6600,21.7600,0.000003
FILLER_0_2_136,VGND,li1,69.0000,16.3200,0.000016
FILLER_0_2_103,VGND,li1,53.5900,16.3200,0.000017
FILLER_0_2_73,VGND,li1,40.9400,16.3200,0.000015
FILLER_0_2_27,VGND,li1,18.1700,16.3200,0.000011
FILLER_0_2_15,VGND,li1,15.1800,16.3200,0.000011
FILLER_0_2_3,VGND,li1,9.6600,16.3200,0.000011
FILLER_0_1_169,VGND,li1,83.7200,16.3200,0.000011
FILLER_0_1_167,VGND,li1,82.5700,16.3200,0.000011
FILLER_0_1_159,VGND,li1,80.5000,16.3200,0.000010
FILLER_0_1_145,VGND,li1,72.6800,16.3200,0.000014
FILLER_0_1_124,VGND,li1,62.7900,16.3200,0.000015
FILLER_0_1_106,VGND,li1,55.6600,16.3200,0.000015
FILLER_0_1_84,VGND,li1,44.6200,16.3200,0.000018
FILLER_0_1_55,VGND,li1,31.0500,16.3200,0.000019
FILLER_0_1_35,VGND,li1,22.0800,16.3200,0.000015
FILLER_0_1_27,VGND,li1,19.7800,16.3200,0.000011
FILLER_0_1_15,VGND,li1,15.1800,16.3200,0.000011
FILLER_0_1_3,VGND,li1,9.6600,16.3200,0.000011
FILLER_0_0_173,VGND,li1,85.3300,10.8800,0.000001
FILLER_0_0_169,VGND,li1,84.1800,10.8800,0.000001
FILLER_0_0_165,VGND,li1,82.1100,10.8800,0.000001
FILLER_0_0_153,VGND,li1,78.6600,10.8800,0.000001
FILLER_0_0_141,VGND,li1,73.1400,10.8800,0.000002
FILLER_0_0_132,VGND,li1,68.0800,10.8800,0.000002
FILLER_0_0_128,VGND,li1,64.6300,10.8800,0.000002
FILLER_0_0_120,VGND,li1,62.5600,10.8800,0.000003
FILLER_0_0_111,VGND,li1,56.8100,10.8800,0.000003
FILLER_0_0_104,VGND,li1,54.2800,10.8800,0.000003
FILLER_0_0_97,VGND,li1,51.0600,10.8800,0.000003
FILLER_0_0_93,VGND,li1,48.5300,10.8800,0.000002
FILLER_0_0_85,VGND,li1,46.4600,10.8800,0.000002
FILLER_0_0_83,VGND,li1,43.9300,10.8800,0.000002
FILLER_0_0_77,VGND,li1,41.6300,10.8800,0.000002
FILLER_0_0_69,VGND,li1,39.1000,10.8800,0.000001
FILLER_0_0_65,VGND,li1,35.6500,10.8800,0.000001
FILLER_0_0_57,VGND,li1,33.5800,10.8800,0.000001
FILLER_0_0_48,VGND,li1,29.4400,10.8800,0.000001
FILLER_0_0_41,VGND,li1,25.3000,10.8800,0.000001
FILLER_0_0_29,VGND,li1,21.6200,10.8800,0.000001
FILLER_0_0_27,VGND,li1,18.1700,10.8800,0.000001
FILLER_0_0_15,VGND,li1,15.1800,10.8800,0.000001
FILLER_0_0_3,VGND,li1,9.6600,10.8800,0.000001
fanout53,VGND,li1,8.7400,81.6000,0.000012
fanout52,VGND,li1,66.0100,76.1600,0.000014
fanout51,VGND,li1,50.1400,87.0400,0.000014
fanout50,VGND,li1,67.6200,43.5200,0.000016
fanout49,VGND,li1,46.9200,43.5200,0.000015
fanout48,VGND,li1,30.5900,87.0400,0.000014
fanout47,VGND,li1,8.2800,76.1600,0.000016
fanout46,VGND,li1,35.8800,48.9600,0.000011
fanout45,VGND,li1,7.8200,48.9600,0.000013
fanout44,VGND,li1,76.8200,21.7600,0.000012
fanout43,VGND,li1,84.1800,59.8400,0.000013
fanout42,VGND,li1,79.5800,54.4000,0.000010
fanout41,VGND,li1,77.7400,16.3200,0.000012
fanout40,VGND,li1,64.8600,16.3200,0.000016
fanout39,VGND,li1,41.4000,54.4000,0.000017
fanout38,VGND,li1,33.1200,54.4000,0.000021
fanout37,VGND,li1,51.0600,21.7600,0.000008
fanout36,VGND,li1,35.8800,21.7600,0.000006
output35,VGND,li1,84.6400,76.1600,0.000009
input34,VGND,li1,84.8700,16.3200,0.000011
input33,VGND,li1,7.5900,87.0400,0.000009
input32,VGND,li1,43.4700,87.0400,0.000013
input31,VGND,li1,7.5900,43.5200,0.000014
input30,VGND,li1,52.6700,10.8800,0.000003
input29,VGND,li1,84.8700,38.0800,0.000007
input28,VGND,li1,84.8700,43.5200,0.000013
input27,VGND,li1,82.1100,59.8400,0.000013
input26,VGND,li1,84.8700,54.4000,0.000011
input25,VGND,li1,7.5900,38.0800,0.000007
input24,VGND,li1,7.5900,27.2000,0.000005
input23,VGND,li1,84.8700,65.2800,0.000008
input22,VGND,li1,36.5700,10.8800,0.000001
input21,VGND,li1,55.8900,10.8800,0.000003
input20,VGND,li1,84.8700,27.2000,0.000009
input19,VGND,li1,84.8700,38.0800,0.000007
input18,VGND,li1,84.8700,16.3200,0.000011
input17,VGND,li1,65.5500,10.8800,0.000002
input16,VGND,li1,49.4500,10.8800,0.000002
input15,VGND,li1,26.9100,10.8800,0.000001
input14,VGND,li1,43.0100,10.8800,0.000002
input13,VGND,li1,8.9700,43.5200,0.000014
input12,VGND,li1,84.8700,54.4000,0.000011
input11,VGND,li1,7.5900,48.9600,0.000013
input10,VGND,li1,7.5900,54.4000,0.000028
input9,VGND,li1,7.5900,70.7200,0.000008
input8,VGND,li1,7.5900,65.2800,0.000019
input7,VGND,li1,42.0900,87.0400,0.000012
input6,VGND,li1,62.3300,87.0400,0.000009
input5,VGND,li1,51.7500,87.0400,0.000014
input4,VGND,li1,55.8900,87.0400,0.000011
input3,VGND,li1,9.8900,76.1600,0.000016
input2,VGND,li1,28.7500,87.0400,0.000014
input1,VGND,li1,84.8700,70.7200,0.000010
TAP_TAPCELL_ROW_28_150,VGND,li1,83.0300,87.3310,0.000003
TAP_TAPCELL_ROW_28_149,VGND,li1,70.1500,87.3310,0.000006
TAP_TAPCELL_ROW_28_148,VGND,li1,57.2700,87.3310,0.000011
TAP_TAPCELL_ROW_28_147,VGND,li1,44.3900,87.3310,0.000013
TAP_TAPCELL_ROW_28_146,VGND,li1,31.5100,87.3310,0.000014
TAP_TAPCELL_ROW_28_145,VGND,li1,18.6300,87.3310,0.000008
TAP_TAPCELL_ROW_27_144,VGND,li1,83.0300,86.7480,0.000003
TAP_TAPCELL_ROW_27_143,VGND,li1,57.2700,86.7480,0.000011
TAP_TAPCELL_ROW_27_142,VGND,li1,31.5100,86.7480,0.000014
TAP_TAPCELL_ROW_26_141,VGND,li1,70.1500,81.8910,0.000003
TAP_TAPCELL_ROW_26_140,VGND,li1,44.3900,81.8910,0.000007
TAP_TAPCELL_ROW_26_139,VGND,li1,18.6300,81.8910,0.000008
TAP_TAPCELL_ROW_25_138,VGND,li1,83.0300,81.3080,0.000001
TAP_TAPCELL_ROW_25_137,VGND,li1,57.2700,81.3080,0.000006
TAP_TAPCELL_ROW_25_136,VGND,li1,31.5100,81.3080,0.000009
TAP_TAPCELL_ROW_24_135,VGND,li1,70.1500,76.4510,0.000014
TAP_TAPCELL_ROW_24_134,VGND,li1,44.3900,76.4510,0.000016
TAP_TAPCELL_ROW_24_133,VGND,li1,18.6300,76.4510,0.000013
TAP_TAPCELL_ROW_23_132,VGND,li1,83.0300,75.8680,0.000009
TAP_TAPCELL_ROW_23_131,VGND,li1,57.2700,75.8680,0.000013
TAP_TAPCELL_ROW_23_130,VGND,li1,31.5100,75.8680,0.000015
TAP_TAPCELL_ROW_22_129,VGND,li1,70.1500,71.0110,0.000012
TAP_TAPCELL_ROW_22_128,VGND,li1,44.3900,71.0110,0.000012
TAP_TAPCELL_ROW_22_127,VGND,li1,18.6300,71.0110,0.000008
TAP_TAPCELL_ROW_21_126,VGND,li1,83.0300,70.4280,0.000010
TAP_TAPCELL_ROW_21_125,VGND,li1,57.2700,70.4280,0.000011
TAP_TAPCELL_ROW_21_124,VGND,li1,31.5100,70.4280,0.000013
TAP_TAPCELL_ROW_20_123,VGND,li1,70.1500,65.5710,0.000012
TAP_TAPCELL_ROW_20_122,VGND,li1,44.3900,65.5710,0.000013
TAP_TAPCELL_ROW_20_121,VGND,li1,18.6300,65.5710,0.000016
TAP_TAPCELL_ROW_19_120,VGND,li1,83.0300,64.9880,0.000008
TAP_TAPCELL_ROW_19_119,VGND,li1,57.2700,64.9880,0.000013
TAP_TAPCELL_ROW_19_118,VGND,li1,31.5100,64.9880,0.000016
TAP_TAPCELL_ROW_18_117,VGND,li1,70.1500,60.1310,0.000016
TAP_TAPCELL_ROW_18_116,VGND,li1,44.3900,60.1310,0.000012
TAP_TAPCELL_ROW_18_115,VGND,li1,18.6300,60.1310,0.000010
TAP_TAPCELL_ROW_17_114,VGND,li1,83.0300,59.5480,0.000013
TAP_TAPCELL_ROW_17_113,VGND,li1,57.2700,59.5480,0.000012
TAP_TAPCELL_ROW_17_112,VGND,li1,31.5100,59.5480,0.000012
TAP_TAPCELL_ROW_16_111,VGND,li1,70.1500,54.6910,0.000015
TAP_TAPCELL_ROW_16_110,VGND,li1,44.3900,54.6910,0.000018
TAP_TAPCELL_ROW_16_109,VGND,li1,18.6300,54.6910,0.000023
TAP_TAPCELL_ROW_15_108,VGND,li1,83.0300,54.1080,0.000010
TAP_TAPCELL_ROW_15_107,VGND,li1,57.2700,54.1080,0.000015
TAP_TAPCELL_ROW_15_106,VGND,li1,31.5100,54.1080,0.000021
TAP_TAPCELL_ROW_14_105,VGND,li1,70.1500,49.2510,0.000011
TAP_TAPCELL_ROW_14_104,VGND,li1,44.3900,49.2510,0.000011
TAP_TAPCELL_ROW_14_103,VGND,li1,18.6300,49.2510,0.000009
TAP_TAPCELL_ROW_13_102,VGND,li1,83.0300,48.6680,0.000012
TAP_TAPCELL_ROW_13_101,VGND,li1,57.2700,48.6680,0.000010
TAP_TAPCELL_ROW_13_100,VGND,li1,31.5100,48.6680,0.000011
TAP_TAPCELL_ROW_12_99,VGND,li1,70.1500,43.8110,0.000016
TAP_TAPCELL_ROW_12_98,VGND,li1,44.3900,43.8110,0.000015
TAP_TAPCELL_ROW_12_97,VGND,li1,18.6300,43.8110,0.000014
TAP_TAPCELL_ROW_11_96,VGND,li1,83.0300,43.2280,0.000013
TAP_TAPCELL_ROW_11_95,VGND,li1,57.2700,43.2280,0.000014
TAP_TAPCELL_ROW_11_94,VGND,li1,31.5100,43.2280,0.000018
TAP_TAPCELL_ROW_10_93,VGND,li1,70.1500,38.3710,0.000011
TAP_TAPCELL_ROW_10_92,VGND,li1,44.3900,38.3710,0.000013
TAP_TAPCELL_ROW_10_91,VGND,li1,18.6300,38.3710,0.000006
TAP_TAPCELL_ROW_9_90,VGND,li1,83.0300,37.7880,0.000007
TAP_TAPCELL_ROW_9_89,VGND,li1,57.2700,37.7880,0.000011
TAP_TAPCELL_ROW_9_88,VGND,li1,31.5100,37.7880,0.000011
TAP_TAPCELL_ROW_8_87,VGND,li1,70.1500,32.9310,0.000007
TAP_TAPCELL_ROW_8_86,VGND,li1,44.3900,32.9310,0.000007
TAP_TAPCELL_ROW_8_85,VGND,li1,18.6300,32.9310,0.000004
TAP_TAPCELL_ROW_7_84,VGND,li1,83.0300,32.3480,0.000007
TAP_TAPCELL_ROW_7_83,VGND,li1,57.2700,32.3480,0.000006
TAP_TAPCELL_ROW_7_82,VGND,li1,31.5100,32.3480,0.000007
TAP_TAPCELL_ROW_6_81,VGND,li1,70.1500,27.4910,0.000012
TAP_TAPCELL_ROW_6_80,VGND,li1,44.3900,27.4910,0.000008
TAP_TAPCELL_ROW_6_79,VGND,li1,18.6300,27.4910,0.000004
TAP_TAPCELL_ROW_5_78,VGND,li1,83.0300,26.9080,0.000009
TAP_TAPCELL_ROW_5_77,VGND,li1,57.2700,26.9080,0.000009
TAP_TAPCELL_ROW_5_76,VGND,li1,31.5100,26.9080,0.000006
TAP_TAPCELL_ROW_4_75,VGND,li1,70.1500,22.0510,0.000012
TAP_TAPCELL_ROW_4_74,VGND,li1,44.3900,22.0510,0.000008
TAP_TAPCELL_ROW_4_73,VGND,li1,18.6300,22.0510,0.000003
TAP_TAPCELL_ROW_3_72,VGND,li1,83.0300,21.4680,0.000010
TAP_TAPCELL_ROW_3_71,VGND,li1,57.2700,21.4680,0.000007
TAP_TAPCELL_ROW_3_70,VGND,li1,31.5100,21.4680,0.000006
TAP_TAPCELL_ROW_2_69,VGND,li1,70.1500,16.6110,0.000016
TAP_TAPCELL_ROW_2_68,VGND,li1,44.3900,16.6110,0.000018
TAP_TAPCELL_ROW_2_67,VGND,li1,18.6300,16.6110,0.000011
TAP_TAPCELL_ROW_1_66,VGND,li1,83.0300,16.0280,0.000011
TAP_TAPCELL_ROW_1_65,VGND,li1,57.2700,16.0280,0.000015
TAP_TAPCELL_ROW_1_64,VGND,li1,31.5100,16.0280,0.000019
TAP_TAPCELL_ROW_0_63,VGND,li1,83.0300,11.1710,0.000001
TAP_TAPCELL_ROW_0_62,VGND,li1,70.1500,11.1710,0.000002
TAP_TAPCELL_ROW_0_61,VGND,li1,57.2700,11.1710,0.000003
TAP_TAPCELL_ROW_0_60,VGND,li1,44.3900,11.1710,0.000002
TAP_TAPCELL_ROW_0_59,VGND,li1,31.5100,11.1710,0.000001
TAP_TAPCELL_ROW_0_58,VGND,li1,18.6300,11.1710,0.000001
PHY_EDGE_ROW_28_Left_57,VGND,li1,6.2100,87.0400,0.000009
PHY_EDGE_ROW_27_Left_56,VGND,li1,6.2100,87.0400,0.000009
PHY_EDGE_ROW_26_Left_55,VGND,li1,6.2100,81.6000,0.000012
PHY_EDGE_ROW_25_Left_54,VGND,li1,6.2100,81.6000,0.000012
PHY_EDGE_ROW_24_Left_53,VGND,li1,6.2100,76.1600,0.000016
PHY_EDGE_ROW_23_Left_52,VGND,li1,6.2100,76.1600,0.000016
PHY_EDGE_ROW_22_Left_51,VGND,li1,6.2100,70.7200,0.000008
PHY_EDGE_ROW_21_Left_50,VGND,li1,6.2100,70.7200,0.000008
PHY_EDGE_ROW_20_Left_49,VGND,li1,6.2100,65.2800,0.000019
PHY_EDGE_ROW_19_Left_48,VGND,li1,6.2100,65.2800,0.000019
PHY_EDGE_ROW_18_Left_47,VGND,li1,6.2100,59.8400,0.000012
PHY_EDGE_ROW_17_Left_46,VGND,li1,6.2100,59.8400,0.000012
PHY_EDGE_ROW_16_Left_45,VGND,li1,6.2100,54.4000,0.000028
PHY_EDGE_ROW_15_Left_44,VGND,li1,6.2100,54.4000,0.000028
PHY_EDGE_ROW_14_Left_43,VGND,li1,6.2100,48.9600,0.000013
PHY_EDGE_ROW_13_Left_42,VGND,li1,6.2100,48.9600,0.000013
PHY_EDGE_ROW_12_Left_41,VGND,li1,6.2100,43.5200,0.000014
PHY_EDGE_ROW_11_Left_40,VGND,li1,6.2100,43.5200,0.000014
PHY_EDGE_ROW_10_Left_39,VGND,li1,6.2100,38.0800,0.000007
PHY_EDGE_ROW_9_Left_38,VGND,li1,6.2100,38.0800,0.000007
PHY_EDGE_ROW_8_Left_37,VGND,li1,6.2100,32.6400,0.000005
PHY_EDGE_ROW_7_Left_36,VGND,li1,6.2100,32.6400,0.000005
PHY_EDGE_ROW_6_Left_35,VGND,li1,6.2100,27.2000,0.000005
PHY_EDGE_ROW_5_Left_34,VGND,li1,6.2100,27.2000,0.000005
PHY_EDGE_ROW_4_Left_33,VGND,li1,6.2100,21.7600,0.000003
PHY_EDGE_ROW_3_Left_32,VGND,li1,6.2100,21.7600,0.000003
PHY_EDGE_ROW_2_Left_31,VGND,li1,6.2100,16.3200,0.000011
PHY_EDGE_ROW_1_Left_30,VGND,li1,6.2100,16.3200,0.000011
PHY_EDGE_ROW_0_Left_29,VGND,li1,6.2100,10.8800,0.000001
PHY_EDGE_ROW_28_Right_28,VGND,li1,86.2500,87.0400,0.000003
PHY_EDGE_ROW_27_Right_27,VGND,li1,86.2500,87.0400,0.000003
PHY_EDGE_ROW_26_Right_26,VGND,li1,86.2500,81.6000,0.000001
PHY_EDGE_ROW_25_Right_25,VGND,li1,86.2500,81.6000,0.000001
PHY_EDGE_ROW_24_Right_24,VGND,li1,86.2500,76.1600,0.000009
PHY_EDGE_ROW_23_Right_23,VGND,li1,86.2500,76.1600,0.000009
PHY_EDGE_ROW_22_Right_22,VGND,li1,86.2500,70.7200,0.000010
PHY_EDGE_ROW_21_Right_21,VGND,li1,86.2500,70.7200,0.000010
PHY_EDGE_ROW_20_Right_20,VGND,li1,86.2500,65.2800,0.000008
PHY_EDGE_ROW_19_Right_19,VGND,li1,86.2500,65.2800,0.000008
PHY_EDGE_ROW_18_Right_18,VGND,li1,86.2500,59.8400,0.000013
PHY_EDGE_ROW_17_Right_17,VGND,li1,86.2500,59.8400,0.000013
PHY_EDGE_ROW_16_Right_16,VGND,li1,86.2500,54.4000,0.000011
PHY_EDGE_ROW_15_Right_15,VGND,li1,86.2500,54.4000,0.000011
PHY_EDGE_ROW_14_Right_14,VGND,li1,86.2500,48.9600,0.000012
PHY_EDGE_ROW_13_Right_13,VGND,li1,86.2500,48.9600,0.000012
PHY_EDGE_ROW_12_Right_12,VGND,li1,86.2500,43.5200,0.000013
PHY_EDGE_ROW_11_Right_11,VGND,li1,86.2500,43.5200,0.000013
PHY_EDGE_ROW_10_Right_10,VGND,li1,86.2500,38.0800,0.000007
PHY_EDGE_ROW_9_Right_9,VGND,li1,86.2500,38.0800,0.000007
PHY_EDGE_ROW_8_Right_8,VGND,li1,86.2500,32.6400,0.000007
PHY_EDGE_ROW_7_Right_7,VGND,li1,86.2500,32.6400,0.000007
PHY_EDGE_ROW_6_Right_6,VGND,li1,86.2500,27.2000,0.000009
PHY_EDGE_ROW_5_Right_5,VGND,li1,86.2500,27.2000,0.000009
PHY_EDGE_ROW_4_Right_4,VGND,li1,86.2500,21.7600,0.000010
PHY_EDGE_ROW_3_Right_3,VGND,li1,86.2500,21.7600,0.000010
PHY_EDGE_ROW_2_Right_2,VGND,li1,86.2500,16.3200,0.000011
PHY_EDGE_ROW_1_Right_1,VGND,li1,86.2500,16.3200,0.000011
PHY_EDGE_ROW_0_Right_0,VGND,li1,86.2500,10.8800,0.000001
_331_,VGND,li1,80.9600,70.7200,0.000010
_330_,VGND,li1,71.3000,76.1600,0.000014
_329_,VGND,li1,78.2000,70.7200,0.000011
_328_,VGND,li1,79.5800,54.4000,0.000010
_327_,VGND,li1,75.9000,65.2800,0.000010
_326_,VGND,li1,62.1000,65.2800,0.000012
_325_,VGND,li1,71.3000,59.8400,0.000017
_324_,VGND,li1,61.6400,48.9600,0.000010
_323_,VGND,li1,62.1000,59.8400,0.000013
_322_,VGND,li1,49.2200,54.4000,0.000019
_321_,VGND,li1,73.6000,54.4000,0.000015
_320_,VGND,li1,78.2000,43.5200,0.000014
_319_,VGND,li1,74.9800,43.5200,0.000016
_318_,VGND,li1,62.1000,38.0800,0.000011
_317_,VGND,li1,62.1000,43.5200,0.000015
_316_,VGND,li1,49.2200,38.0800,0.000013
_315_,VGND,li1,50.1400,48.9600,0.000012
_314_,VGND,li1,37.7200,43.5200,0.000016
_313_,VGND,li1,39.1000,54.4000,0.000016
_312_,VGND,li1,40.4800,65.2800,0.000012
_311_,VGND,li1,35.4200,81.6000,0.000009
_310_,VGND,li1,21.6200,87.0400,0.000011
_309_,VGND,li1,26.6800,76.1600,0.000016
_308_,VGND,li1,11.5000,81.6000,0.000011
_307_,VGND,li1,23.4600,70.7200,0.000011
_306_,VGND,li1,51.0600,65.2800,0.000015
_305_,VGND,li1,52.4400,87.0400,0.000013
_304_,VGND,li1,39.5600,87.0400,0.000011
_303_,VGND,li1,62.1000,87.0400,0.000009
_302_,VGND,li1,62.1000,76.1600,0.000013
_301_,VGND,li1,51.0600,76.1600,0.000016
_300_,VGND,li1,38.1800,76.1600,0.000014
_299_,VGND,li1,33.5800,70.7200,0.000013
_298_,VGND,li1,26.6800,65.2800,0.000017
_297_,VGND,li1,23.4600,59.8400,0.000012
_296_,VGND,li1,11.5000,65.2800,0.000019
_295_,VGND,li1,11.5000,54.4000,0.000027
_294_,VGND,li1,27.1400,54.4000,0.000023
_293_,VGND,li1,17.4800,54.4000,0.000023
_292_,VGND,li1,11.5000,43.5200,0.000014
_291_,VGND,li1,19.3200,43.5200,0.000013
_290_,VGND,li1,23.4600,43.5200,0.000017
_289_,VGND,li1,26.6800,38.0800,0.000010
_288_,VGND,li1,36.3400,38.0800,0.000011
_287_,VGND,li1,34.5000,16.3200,0.000019
_286_,VGND,li1,23.4600,16.3200,0.000015
_285_,VGND,li1,36.3400,16.3200,0.000018
_284_,VGND,li1,45.5400,21.7600,0.000008
_283_,VGND,li1,49.6800,16.3200,0.000017
_282_,VGND,li1,58.8800,16.3200,0.000014
_281_,VGND,li1,67.6200,16.3200,0.000016
_280_,VGND,li1,74.9800,16.3200,0.000014
_279_,VGND,li1,80.9600,21.7600,0.000010
_278_,VGND,li1,77.2800,38.0800,0.000008
_277_,VGND,li1,75.9000,27.2000,0.000011
_276_,VGND,li1,65.3200,27.2000,0.000011
_275_,VGND,li1,62.1000,27.2000,0.000010
_274_,VGND,li1,50.6000,32.6400,0.000007
_273_,VGND,li1,44.1600,27.2000,0.000008
_272_,VGND,li1,29.9000,21.7600,0.000006
_271_,VGND,li1,25.7600,27.2000,0.000006
_270_,VGND,li1,12.4200,27.2000,0.000005
_269_,VGND,li1,17.4800,38.0800,0.000007
_268_,VGND,li1,11.5000,32.6400,0.000005
_267_,VGND,li1,11.2700,54.4000,0.000027
_266_,VGND,li1,15.8700,48.9600,0.000011
_265_,VGND,li1,17.0200,43.5200,0.000014
_264_,VGND,li1,13.8000,48.9600,0.000012
_263_,VGND,li1,17.7100,65.2800,0.000016
_262_,VGND,li1,14.4900,59.8400,0.000011
_261_,VGND,li1,17.0200,65.2800,0.000016
_260_,VGND,li1,14.7200,65.2800,0.000017
_259_,VGND,li1,44.3900,76.1600,0.000016
_258_,VGND,li1,46.6900,76.1600,0.000016
_257_,VGND,li1,42.3200,76.1600,0.000015
_256_,VGND,li1,42.3200,70.7200,0.000011
_255_,VGND,li1,48.5300,81.6000,0.000008
_254_,VGND,li1,48.0700,87.0400,0.000014
_253_,VGND,li1,45.5400,81.6000,0.000007
_252_,VGND,li1,46.0000,87.0400,0.000014
_251_,VGND,li1,20.4700,27.2000,0.000005
_250_,VGND,li1,17.7100,27.2000,0.000004
_249_,VGND,li1,12.8800,27.2000,0.000005
_248_,VGND,li1,16.5600,32.6400,0.000005
_247_,VGND,li1,33.3500,87.0400,0.000014
_246_,VGND,li1,27.3700,87.0400,0.000014
_245_,VGND,li1,25.7600,87.0400,0.000013
_244_,VGND,li1,26.6800,81.6000,0.000010
_243_,VGND,li1,20.4700,76.1600,0.000015
_242_,VGND,li1,17.2500,81.6000,0.000009
_241_,VGND,li1,12.8800,76.1600,0.000015
_240_,VGND,li1,37.2600,54.4000,0.000019
_239_,VGND,li1,16.5600,76.1600,0.000015
_238_,VGND,li1,37.0300,27.2000,0.000007
_237_,VGND,li1,37.9500,21.7600,0.000006
_236_,VGND,li1,37.2600,27.2000,0.000007
_235_,VGND,li1,34.9600,27.2000,0.000007
_234_,VGND,li1,27.8300,16.3200,0.000019
_233_,VGND,li1,30.1300,16.3200,0.000019
_232_,VGND,li1,28.9800,16.3200,0.000019
_231_,VGND,li1,25.7600,21.7600,0.000006
_230_,VGND,li1,25.7600,32.6400,0.000006
_229_,VGND,li1,28.0600,32.6400,0.000007
_228_,VGND,li1,40.0200,48.9600,0.000010
_227_,VGND,li1,24.8400,54.4000,0.000022
_226_,VGND,li1,57.9600,70.7200,0.000011
_225_,VGND,li1,39.1000,59.8400,0.000010
_224_,VGND,li1,51.5200,65.2800,0.000015
_223_,VGND,li1,28.0600,65.2800,0.000017
_222_,VGND,li1,29.9000,43.5200,0.000019
_221_,VGND,li1,68.5400,65.2800,0.000013
_220_,VGND,li1,72.2200,70.7200,0.000012
_219_,VGND,li1,49.6800,54.4000,0.000019
_218_,VGND,li1,51.0600,27.2000,0.000009
_217_,VGND,li1,68.5400,27.2000,0.000012
_216_,VGND,li1,81.4200,43.5200,0.000012
_215_,VGND,li1,77.7400,32.6400,0.000007
_214_,VGND,li1,62.5600,54.4000,0.000015
_213_,VGND,li1,74.9800,16.3200,0.000014
_212_,VGND,li1,68.5400,38.0800,0.000011
_211_,VGND,li1,59.3400,16.3200,0.000014
_210_,VGND,li1,79.5800,59.8400,0.000014
_209_,VGND,li1,46.4600,16.3200,0.000018
_208_,VGND,li1,50.6000,43.5200,0.000016
_207_,VGND,li1,37.2600,32.6400,0.000007
_206_,VGND,li1,10.5800,48.9600,0.000013
_205_,VGND,li1,11.9600,59.8400,0.000012
_204_,VGND,li1,39.5600,76.1600,0.000013
_203_,VGND,li1,46.0000,87.0400,0.000014
_202_,VGND,li1,15.6400,27.2000,0.000005
_201_,VGND,li1,28.0600,87.0400,0.000014
_200_,VGND,li1,15.6400,76.1600,0.000015
_199_,VGND,li1,33.5800,27.2000,0.000007
_198_,VGND,li1,24.3800,16.3200,0.000017
_197_,VGND,li1,43.4700,48.9600,0.000011
_196_,VGND,li1,40.7100,48.9600,0.000010
_195_,VGND,li1,43.2400,43.5200,0.000015
_194_,VGND,li1,40.4800,43.5200,0.000013
_193_,VGND,li1,20.4700,54.4000,0.000020
_192_,VGND,li1,24.6100,59.8400,0.000012
_191_,VGND,li1,29.4400,59.8400,0.000012
_190_,VGND,li1,29.4400,54.4000,0.000022
_189_,VGND,li1,19.5500,32.6400,0.000004
_188_,VGND,li1,11.9600,38.0800,0.000007
_187_,VGND,li1,16.7900,32.6400,0.000005
_186_,VGND,li1,16.7900,38.0800,0.000007
_185_,VGND,li1,56.3500,81.6000,0.000006
_184_,VGND,li1,58.6500,76.1600,0.000012
_183_,VGND,li1,60.7200,76.1600,0.000013
_182_,VGND,li1,61.6400,70.7200,0.000011
_181_,VGND,li1,37.0300,59.8400,0.000012
_180_,VGND,li1,38.8700,65.2800,0.000011
_179_,VGND,li1,42.3200,65.2800,0.000013
_178_,VGND,li1,42.7800,59.8400,0.000011
_177_,VGND,li1,50.3700,70.7200,0.000013
_176_,VGND,li1,51.7500,70.7200,0.000013
_175_,VGND,li1,57.0400,65.2800,0.000013
_174_,VGND,li1,54.7400,65.2800,0.000014
_173_,VGND,li1,27.8300,70.7200,0.000013
_172_,VGND,li1,25.5300,65.2800,0.000016
_171_,VGND,li1,34.0400,65.2800,0.000014
_170_,VGND,li1,31.7400,65.2800,0.000016
_169_,VGND,li1,28.7500,43.5200,0.000019
_168_,VGND,li1,32.4300,43.5200,0.000018
_167_,VGND,li1,32.6600,43.5200,0.000017
_166_,VGND,li1,29.9000,48.9600,0.000011
_165_,VGND,li1,71.9900,59.8400,0.000017
_164_,VGND,li1,66.9300,59.8400,0.000015
_163_,VGND,li1,68.0800,65.2800,0.000013
_162_,VGND,li1,65.7800,65.2800,0.000013
_161_,VGND,li1,77.5100,76.1600,0.000011
_160_,VGND,li1,74.7500,70.7200,0.000012
_159_,VGND,li1,74.0600,76.1600,0.000013
_158_,VGND,li1,71.7600,76.1600,0.000014
_157_,VGND,li1,55.4300,54.4000,0.000017
_156_,VGND,li1,52.6700,59.8400,0.000013
_155_,VGND,li1,52.4400,54.4000,0.000018
_154_,VGND,li1,39.5600,54.4000,0.000016
_153_,VGND,li1,50.6000,59.8400,0.000013
_152_,VGND,li1,53.1300,27.2000,0.000009
_151_,VGND,li1,53.5900,27.2000,0.000009
_150_,VGND,li1,56.1200,32.6400,0.000006
_149_,VGND,li1,58.8800,32.6400,0.000006
_148_,VGND,li1,71.9900,21.7600,0.000012
_147_,VGND,li1,68.3100,21.7600,0.000011
_146_,VGND,li1,69.4600,32.6400,0.000007
_145_,VGND,li1,71.7600,27.2000,0.000012
_144_,VGND,li1,31.7400,32.6400,0.000007
_143_,VGND,li1,76.1300,48.9600,0.000011
_142_,VGND,li1,78.4300,48.9600,0.000010
_141_,VGND,li1,84.1800,43.5200,0.000013
_140_,VGND,li1,81.4200,48.9600,0.000012
_139_,VGND,li1,78.8900,27.2000,0.000009
_138_,VGND,li1,79.3500,32.6400,0.000007
_137_,VGND,li1,83.2600,32.6400,0.000007
_136_,VGND,li1,80.9600,32.6400,0.000007
_135_,VGND,li1,64.1700,54.4000,0.000015
_134_,VGND,li1,65.0900,54.4000,0.000015
_133_,VGND,li1,64.8600,48.9600,0.000011
_132_,VGND,li1,67.6200,48.9600,0.000011
_131_,VGND,li1,74.2900,21.7600,0.000012
_130_,VGND,li1,78.4300,21.7600,0.000012
_129_,VGND,li1,83.2600,16.3200,0.000011
_128_,VGND,li1,80.9600,16.3200,0.000010
_127_,VGND,li1,68.3100,43.5200,0.000016
_126_,VGND,li1,66.4700,38.0800,0.000011
_125_,VGND,li1,71.3000,38.0800,0.000010
_124_,VGND,li1,68.0800,32.6400,0.000007
_123_,VGND,li1,59.1100,10.8800,0.000003
_122_,VGND,li1,61.8700,16.3200,0.000015
_121_,VGND,li1,67.1600,16.3200,0.000016
_120_,VGND,li1,63.0200,21.7600,0.000009
_119_,VGND,li1,80.2700,59.8400,0.000012
_118_,VGND,li1,82.5700,59.8400,0.000013
_117_,VGND,li1,81.8800,54.4000,0.000010
_116_,VGND,li1,81.8800,48.9600,0.000012
_115_,VGND,li1,42.5500,16.3200,0.000017
_114_,VGND,li1,43.4700,16.3200,0.000017
_113_,VGND,li1,51.9800,16.3200,0.000017
_112_,VGND,li1,45.5400,27.2000,0.000008
_111_,VGND,li1,49.6800,16.3200,0.000017
_110_,VGND,li1,54.0500,43.5200,0.000016
_109_,VGND,li1,53.1300,43.5200,0.000016
_108_,VGND,li1,50.1400,38.0800,0.000013
_107_,VGND,li1,55.2000,38.0800,0.000012
_106_,VGND,li1,42.5500,38.0800,0.000012
_105_,VGND,li1,40.7100,38.0800,0.000010
_104_,VGND,li1,39.1000,38.0800,0.000010
_103_,VGND,li1,40.4800,32.6400,0.000007
_102_,VGND,li1,44.1600,32.6400,0.000007
